<?xml version="1.0" encoding="utf-8"?>
<TestRun id="d617c31a-dfef-420e-9004-938e5dcc3a40" name="chredd@RB-SB2 2019-07-19 16:37:34" runUser="EUROPE\chredd" xmlns="http://microsoft.com/schemas/VisualStudio/TeamTest/2010">
  <Times creation="2019-07-19T16:37:34.7817068+01:00" queuing="2019-07-19T16:37:34.7817069+01:00" start="2019-07-19T16:37:30.1845915+01:00" finish="2019-07-19T16:39:34.8580742+01:00" />
  <TestSettings name="default" id="3c3881c4-3f91-42c8-859e-a4df45da9267">
    <Deployment runDeploymentRoot="chredd_RB-SB2_2019-07-19_16_37_34" />
  </TestSettings>
  <Results>
    <UnitTestResult executionId="c45c5971-5a7d-4cd9-86b4-1140e7e34489" testId="4b009bef-21f4-9343-594e-1edb24a600b7" testName="Theatreers.Core.Tests.StorageProviderTest.UpdateAsyncFailsWithInvalidKey(reference: &quot;abc&quot;)" computerName="RB-SB2" duration="00:00:00.0350000" startTime="2019-07-19T16:38:41.0633861+01:00" endTime="2019-07-19T16:38:41.0633864+01:00" testType="13cdc9d9-ddb5-4fa4-a97d-d965ccfc6d4b" outcome="Passed" testListId="8c84fa94-04c1-424b-9868-57a2d4851a1d" relativeResultsDirectory="c45c5971-5a7d-4cd9-86b4-1140e7e34489" />
    <UnitTestResult executionId="a4e22230-a4f6-4246-95d4-318aa188c431" testId="83201cba-fe2c-1382-a17c-4c5536bbc1f2" testName="Theatreers.Core.Tests.StorageProviderTest.UpsertAsyncCannotCompleteWithMissingId" computerName="RB-SB2" duration="00:00:00.0730000" startTime="2019-07-19T16:38:29.9670207+01:00" endTime="2019-07-19T16:38:29.9670213+01:00" testType="13cdc9d9-ddb5-4fa4-a97d-d965ccfc6d4b" outcome="Passed" testListId="8c84fa94-04c1-424b-9868-57a2d4851a1d" relativeResultsDirectory="a4e22230-a4f6-4246-95d4-318aa188c431" />
    <UnitTestResult executionId="43d5f575-b0b9-49d4-9592-4f1eef66b487" testId="df74d85b-2415-423b-bb13-4a01602e0aac" testName="Theatreers.Core.Tests.StorageProviderTest.UpsertAsyncCannotCreateNewObjectWithNewKeyAndMissingInnerObject(reference: &quot;-123819&quot;)" computerName="RB-SB2" duration="00:00:00.0180000" startTime="2019-07-19T16:39:13.5768477+01:00" endTime="2019-07-19T16:39:13.5768479+01:00" testType="13cdc9d9-ddb5-4fa4-a97d-d965ccfc6d4b" outcome="Passed" testListId="8c84fa94-04c1-424b-9868-57a2d4851a1d" relativeResultsDirectory="43d5f575-b0b9-49d4-9592-4f1eef66b487" />
    <UnitTestResult executionId="59e34580-d3d5-420c-b71c-58fb3b032c96" testId="0a76b63b-49e5-0992-dbf7-b82b72295490" testName="Theatreers.Core.Tests.NonPartitionedStorageProviderTest.CannotCreateAsyncForValuesWithExistingKey" computerName="RB-SB2" duration="00:00:00.0040000" startTime="2019-07-19T16:37:43.4297542+01:00" endTime="2019-07-19T16:37:43.4297545+01:00" testType="13cdc9d9-ddb5-4fa4-a97d-d965ccfc6d4b" outcome="Passed" testListId="8c84fa94-04c1-424b-9868-57a2d4851a1d" relativeResultsDirectory="59e34580-d3d5-420c-b71c-58fb3b032c96" />
    <UnitTestResult executionId="4f8e9f20-5e7a-426e-acfe-c1a54d4c09d6" testId="0dc48565-222f-5613-9e6a-8a2ed2d67613" testName="Theatreers.Core.Tests.StorageProviderTest.UpsertAsyncUpdatesObjectWithExistingKey(reference: &quot;1&quot;)" computerName="RB-SB2" duration="00:00:00.0450000" startTime="2019-07-19T16:39:07.0340679+01:00" endTime="2019-07-19T16:39:07.0340681+01:00" testType="13cdc9d9-ddb5-4fa4-a97d-d965ccfc6d4b" outcome="Passed" testListId="8c84fa94-04c1-424b-9868-57a2d4851a1d" relativeResultsDirectory="4f8e9f20-5e7a-426e-acfe-c1a54d4c09d6" />
    <UnitTestResult executionId="fe918472-6817-477e-9415-e1a1d077013b" testId="b8bdf765-4fe7-8dae-bdec-0eda692cf604" testName="Theatreers.Core.Tests.StorageProviderTest.UpsertAsyncCreatesNewObjectWithNewKeyAndValidData(reference: &quot;abc&quot;)" computerName="RB-SB2" duration="00:00:00.0430000" startTime="2019-07-19T16:39:00.4144583+01:00" endTime="2019-07-19T16:39:00.4144585+01:00" testType="13cdc9d9-ddb5-4fa4-a97d-d965ccfc6d4b" outcome="Passed" testListId="8c84fa94-04c1-424b-9868-57a2d4851a1d" relativeResultsDirectory="fe918472-6817-477e-9415-e1a1d077013b" />
    <UnitTestResult executionId="0aab6a61-a693-4f15-872d-411ac8b793d8" testId="6743ee20-1d4c-e465-fef7-6376ef0f4079" testName="Theatreers.Core.Tests.NonPartitionedStorageProviderTest.UpsertAsyncCannotCreateNewObjectWithNewKeyAndMissingInnerObject(reference: &quot;10&quot;)" computerName="RB-SB2" duration="00:00:00.0030000" startTime="2019-07-19T16:37:39.3926142+01:00" endTime="2019-07-19T16:37:39.3926145+01:00" testType="13cdc9d9-ddb5-4fa4-a97d-d965ccfc6d4b" outcome="Passed" testListId="8c84fa94-04c1-424b-9868-57a2d4851a1d" relativeResultsDirectory="0aab6a61-a693-4f15-872d-411ac8b793d8" />
    <UnitTestResult executionId="9d19211a-de0d-4870-9d9c-37381f181b7a" testId="a5572f55-c1bf-4cf1-6e26-069e0d553f0c" testName="Theatreers.Core.Tests.StorageProviderTest.UpdateAsyncFailsWithExistingKeyAndMissingDoctype(reference: &quot;1&quot;)" computerName="RB-SB2" duration="00:00:00.0370000" startTime="2019-07-19T16:38:34.4293303+01:00" endTime="2019-07-19T16:38:34.4293305+01:00" testType="13cdc9d9-ddb5-4fa4-a97d-d965ccfc6d4b" outcome="Passed" testListId="8c84fa94-04c1-424b-9868-57a2d4851a1d" relativeResultsDirectory="9d19211a-de0d-4870-9d9c-37381f181b7a" />
    <UnitTestResult executionId="7fb7597d-cdb8-46ce-ac47-09388f18c177" testId="aec2df39-f2a8-4d17-e2de-6e2e63872506" testName="Theatreers.Core.Tests.StorageProviderTest.CheckExistsAsyncReturnsFalseWithInvalidData(reference: &quot;10&quot;)" computerName="RB-SB2" duration="00:00:00.0730000" startTime="2019-07-19T16:37:54.6474663+01:00" endTime="2019-07-19T16:37:54.6474666+01:00" testType="13cdc9d9-ddb5-4fa4-a97d-d965ccfc6d4b" outcome="Passed" testListId="8c84fa94-04c1-424b-9868-57a2d4851a1d" relativeResultsDirectory="7fb7597d-cdb8-46ce-ac47-09388f18c177" />
    <UnitTestResult executionId="13089b41-66af-4ddb-a951-26cecbed1ef0" testId="d7ca759f-42a1-74d2-55e1-330807d68c36" testName="Theatreers.Core.Tests.StorageProviderTest.CheckExistsAsyncReturnsTrueWithValidData(reference: &quot;2&quot;)" computerName="RB-SB2" duration="00:00:00.0350000" startTime="2019-07-19T16:37:50.0811405+01:00" endTime="2019-07-19T16:37:50.0811408+01:00" testType="13cdc9d9-ddb5-4fa4-a97d-d965ccfc6d4b" outcome="Passed" testListId="8c84fa94-04c1-424b-9868-57a2d4851a1d" relativeResultsDirectory="13089b41-66af-4ddb-a951-26cecbed1ef0" />
    <UnitTestResult executionId="ca7625ae-18c0-449b-879b-e5c1b4032bb6" testId="5b7c5938-20f3-593f-d740-2da38ab2a034" testName="Theatreers.Core.Tests.StorageProviderTest.CannotCreateAsyncForValuesWithMissingDoctype" computerName="RB-SB2" duration="00:00:00.0280000" startTime="2019-07-19T16:39:23.4564349+01:00" endTime="2019-07-19T16:39:23.4564358+01:00" testType="13cdc9d9-ddb5-4fa4-a97d-d965ccfc6d4b" outcome="Passed" testListId="8c84fa94-04c1-424b-9868-57a2d4851a1d" relativeResultsDirectory="ca7625ae-18c0-449b-879b-e5c1b4032bb6" />
    <UnitTestResult executionId="77dd4c6f-3fc6-4bdb-94cb-2bb6587b71e0" testId="18ea8c7c-1103-0ef6-0be2-d6e542eb6f32" testName="Theatreers.Core.Tests.StorageProviderTest.UpdateAsyncFailsWithExistingKeyAndMissingInnerObject(reference: &quot;2&quot;)" computerName="RB-SB2" duration="00:00:00.0560000" startTime="2019-07-19T16:39:21.1396996+01:00" endTime="2019-07-19T16:39:21.1396999+01:00" testType="13cdc9d9-ddb5-4fa4-a97d-d965ccfc6d4b" outcome="Passed" testListId="8c84fa94-04c1-424b-9868-57a2d4851a1d" relativeResultsDirectory="77dd4c6f-3fc6-4bdb-94cb-2bb6587b71e0" />
    <UnitTestResult executionId="efde0674-3bc4-49fa-8233-ecee14eee955" testId="ed541c19-1519-73c1-d407-09cfda55c20a" testName="Theatreers.Core.Tests.StorageProviderTest.UpdateAsyncFailsWithInvalidKey(reference: &quot;-123819&quot;)" computerName="RB-SB2" duration="00:00:00.0430000" startTime="2019-07-19T16:38:36.6377340+01:00" endTime="2019-07-19T16:38:36.6377344+01:00" testType="13cdc9d9-ddb5-4fa4-a97d-d965ccfc6d4b" outcome="Passed" testListId="8c84fa94-04c1-424b-9868-57a2d4851a1d" relativeResultsDirectory="efde0674-3bc4-49fa-8233-ecee14eee955" />
    <UnitTestResult executionId="12c0eb45-da38-48b2-8c7d-a5371ca3e712" testId="7586bc23-0e6c-446f-cba6-7d3c41c0e97d" testName="Theatreers.Core.Tests.StorageProviderTest.CheckExistsAsyncReturnsFalseWithInvalidData(reference: &quot;abc&quot;)" computerName="RB-SB2" duration="00:00:00.0320000" startTime="2019-07-19T16:37:52.3265388+01:00" endTime="2019-07-19T16:37:52.3265393+01:00" testType="13cdc9d9-ddb5-4fa4-a97d-d965ccfc6d4b" outcome="Passed" testListId="8c84fa94-04c1-424b-9868-57a2d4851a1d" relativeResultsDirectory="12c0eb45-da38-48b2-8c7d-a5371ca3e712" />
    <UnitTestResult executionId="a678fbaf-8369-4407-87eb-b67aa9efaa91" testId="720cad65-c8c0-7931-53ea-428874803a5c" testName="Theatreers.Core.Tests.NonPartitionedStorageProviderTest.UpdateAsyncFailsWithInvalidKey(reference: &quot;abc&quot;)" computerName="RB-SB2" duration="00:00:00.0020000" startTime="2019-07-19T16:37:33.3715474+01:00" endTime="2019-07-19T16:37:33.3715480+01:00" testType="13cdc9d9-ddb5-4fa4-a97d-d965ccfc6d4b" outcome="Passed" testListId="8c84fa94-04c1-424b-9868-57a2d4851a1d" relativeResultsDirectory="a678fbaf-8369-4407-87eb-b67aa9efaa91" />
    <UnitTestResult executionId="e1e62d45-7448-4829-aac9-0e66ce6b74a4" testId="f30784f0-c8ee-019f-81af-af03474dc9a4" testName="Theatreers.Core.Tests.NonPartitionedStorageProviderTest.CheckExistsAsyncReturnsFalseWithInvalidData(reference: &quot;abc&quot;)" computerName="RB-SB2" duration="00:00:00.0010000" startTime="2019-07-19T16:37:43.4419416+01:00" endTime="2019-07-19T16:37:43.4419417+01:00" testType="13cdc9d9-ddb5-4fa4-a97d-d965ccfc6d4b" outcome="Passed" testListId="8c84fa94-04c1-424b-9868-57a2d4851a1d" relativeResultsDirectory="e1e62d45-7448-4829-aac9-0e66ce6b74a4" />
    <UnitTestResult executionId="69d558a0-a5bb-46b2-a3a8-1264fbe852fc" testId="317af7d4-a3e6-1a1a-c0cb-6ffa69e142f6" testName="Theatreers.Core.Tests.StorageProviderTest.UpsertAsyncFailsToUpdateObjectWithExistingKeyAndMissingDoctype(reference: &quot;1&quot;)" computerName="RB-SB2" duration="00:00:00.0320000" startTime="2019-07-19T16:39:25.7300767+01:00" endTime="2019-07-19T16:39:25.7300772+01:00" testType="13cdc9d9-ddb5-4fa4-a97d-d965ccfc6d4b" outcome="Passed" testListId="8c84fa94-04c1-424b-9868-57a2d4851a1d" relativeResultsDirectory="69d558a0-a5bb-46b2-a3a8-1264fbe852fc" />
    <UnitTestResult executionId="ead73dff-1f55-4b3b-bc00-6c2b9bc00edc" testId="5c356603-0c1c-b869-67a7-6bbeac68ace4" testName="Theatreers.Core.Tests.NonPartitionedStorageProviderTest.CannotCreateAsyncForValuesWithMissingId" computerName="RB-SB2" duration="00:00:00.0030000" startTime="2019-07-19T16:37:43.4212166+01:00" endTime="2019-07-19T16:37:43.4212173+01:00" testType="13cdc9d9-ddb5-4fa4-a97d-d965ccfc6d4b" outcome="Passed" testListId="8c84fa94-04c1-424b-9868-57a2d4851a1d" relativeResultsDirectory="ead73dff-1f55-4b3b-bc00-6c2b9bc00edc" />
    <UnitTestResult executionId="c7cf459e-1f58-42e2-90dd-f7b6328df25c" testId="730e23ab-f3aa-faef-3854-84533e7d966b" testName="Theatreers.Core.Tests.NonPartitionedStorageProviderTest.DeleteAsyncFailsWithInvalidData(reference: &quot;10&quot;)" computerName="RB-SB2" duration="00:00:02.0020000" startTime="2019-07-19T16:37:37.3631244+01:00" endTime="2019-07-19T16:37:37.3631250+01:00" testType="13cdc9d9-ddb5-4fa4-a97d-d965ccfc6d4b" outcome="Passed" testListId="8c84fa94-04c1-424b-9868-57a2d4851a1d" relativeResultsDirectory="c7cf459e-1f58-42e2-90dd-f7b6328df25c" />
    <UnitTestResult executionId="f3df2c9c-91a7-44fe-86c6-702a38c0f1c8" testId="5ef52850-3221-6134-a9fd-d4035e896696" testName="Theatreers.Core.Tests.NonPartitionedStorageProviderTest.DeleteAsyncFailsWithInvalidData(reference: &quot;-123819&quot;)" computerName="RB-SB2" duration="00:00:02.0010000" startTime="2019-07-19T16:37:39.3645924+01:00" endTime="2019-07-19T16:37:39.3645929+01:00" testType="13cdc9d9-ddb5-4fa4-a97d-d965ccfc6d4b" outcome="Passed" testListId="8c84fa94-04c1-424b-9868-57a2d4851a1d" relativeResultsDirectory="f3df2c9c-91a7-44fe-86c6-702a38c0f1c8" />
    <UnitTestResult executionId="97621abb-6193-494d-ac66-a2128672700d" testId="7f1ba4ca-4b37-0b42-8493-6d9ca5618974" testName="Theatreers.Core.Tests.StorageProviderTest.UpsertAsyncFailsToUpdateObjectWithExistingKeyAndMissingPartition(reference: &quot;1&quot;)" computerName="RB-SB2" duration="00:00:00.0190000" startTime="2019-07-19T16:38:25.3868083+01:00" endTime="2019-07-19T16:38:25.3868086+01:00" testType="13cdc9d9-ddb5-4fa4-a97d-d965ccfc6d4b" outcome="Passed" testListId="8c84fa94-04c1-424b-9868-57a2d4851a1d" relativeResultsDirectory="97621abb-6193-494d-ac66-a2128672700d" />
    <UnitTestResult executionId="3c77ff20-549f-4411-8c66-803676e44cb9" testId="4f177704-4071-08a8-3ca1-f6ebff26c5d0" testName="Theatreers.Core.Tests.StorageProviderTest.CannotCreateAsyncForValuesWithMissingPartition" computerName="RB-SB2" duration="00:00:00.0250000" startTime="2019-07-19T16:38:05.5946751+01:00" endTime="2019-07-19T16:38:05.5946755+01:00" testType="13cdc9d9-ddb5-4fa4-a97d-d965ccfc6d4b" outcome="Passed" testListId="8c84fa94-04c1-424b-9868-57a2d4851a1d" relativeResultsDirectory="3c77ff20-549f-4411-8c66-803676e44cb9" />
    <UnitTestResult executionId="d92d8e2f-d1f0-40a4-af2b-4eb65a916852" testId="bada597a-730a-8eff-e010-d935d2b9e157" testName="Theatreers.Core.Tests.StorageProviderTest.UpsertAsyncFailsToUpdateObjectWithExistingKeyAndMissingDoctype(reference: &quot;2&quot;)" computerName="RB-SB2" duration="00:00:00.0200000" startTime="2019-07-19T16:39:27.9493295+01:00" endTime="2019-07-19T16:39:27.9493298+01:00" testType="13cdc9d9-ddb5-4fa4-a97d-d965ccfc6d4b" outcome="Passed" testListId="8c84fa94-04c1-424b-9868-57a2d4851a1d" relativeResultsDirectory="d92d8e2f-d1f0-40a4-af2b-4eb65a916852" />
    <UnitTestResult executionId="41c004c6-9b95-413e-ab4a-efa4ad68f8b0" testId="e3d79add-6aba-b34f-eead-c0915599c0d4" testName="Theatreers.Core.Tests.StorageProviderTest.UpsertAsyncCannotCreateNewObjectWithNewKeyAndMissingPartition(reference: &quot;-123819&quot;)" computerName="RB-SB2" duration="00:00:00.0200000" startTime="2019-07-19T16:37:40.9962942+01:00" endTime="2019-07-19T16:37:40.9962946+01:00" testType="13cdc9d9-ddb5-4fa4-a97d-d965ccfc6d4b" outcome="Passed" testListId="8c84fa94-04c1-424b-9868-57a2d4851a1d" relativeResultsDirectory="41c004c6-9b95-413e-ab4a-efa4ad68f8b0" />
    <UnitTestResult executionId="9d29fac8-7c61-48a6-8f9d-5b7a20c404f5" testId="bc8c7256-4d21-a0dc-648b-af99ebc04920" testName="Theatreers.Core.Tests.NonPartitionedStorageProviderTest.CheckExistsAsyncReturnsTrueWithValidData(reference: &quot;1&quot;)" computerName="RB-SB2" duration="00:00:00.0010000" startTime="2019-07-19T16:37:43.4366916+01:00" endTime="2019-07-19T16:37:43.4366918+01:00" testType="13cdc9d9-ddb5-4fa4-a97d-d965ccfc6d4b" outcome="Passed" testListId="8c84fa94-04c1-424b-9868-57a2d4851a1d" relativeResultsDirectory="9d29fac8-7c61-48a6-8f9d-5b7a20c404f5" />
    <UnitTestResult executionId="d23bd1e6-debc-41b6-8c90-23b3712c9bd6" testId="dcb2288b-712f-ccc1-c8d0-f4d3ef2cc844" testName="Theatreers.Core.Tests.NonPartitionedStorageProviderTest.UpsertAsyncCreatesNewObjectWithNewKeyAndValidData(reference: &quot;-123819&quot;)" computerName="RB-SB2" duration="00:00:00.0030000" startTime="2019-07-19T16:37:39.3853136+01:00" endTime="2019-07-19T16:37:39.3853139+01:00" testType="13cdc9d9-ddb5-4fa4-a97d-d965ccfc6d4b" outcome="Passed" testListId="8c84fa94-04c1-424b-9868-57a2d4851a1d" relativeResultsDirectory="d23bd1e6-debc-41b6-8c90-23b3712c9bd6" />
    <UnitTestResult executionId="32656b57-5ba5-4fc8-80fc-d69f0e0fdf44" testId="ece24d59-313b-8b0c-05aa-d616e3037612" testName="Theatreers.Core.Tests.StorageProviderTest.UpsertAsyncUpdatesObjectWithExistingKey(reference: &quot;2&quot;)" computerName="RB-SB2" duration="00:00:00.0440000" startTime="2019-07-19T16:39:09.2338307+01:00" endTime="2019-07-19T16:39:09.2338309+01:00" testType="13cdc9d9-ddb5-4fa4-a97d-d965ccfc6d4b" outcome="Passed" testListId="8c84fa94-04c1-424b-9868-57a2d4851a1d" relativeResultsDirectory="32656b57-5ba5-4fc8-80fc-d69f0e0fdf44" />
    <UnitTestResult executionId="e2b8328c-0bf0-42e8-a61c-1f8a794f4938" testId="341c82fa-d8fe-3535-47f7-ed89429a046a" testName="Theatreers.Core.Tests.NonPartitionedStorageProviderTest.UpdateAsyncFailsWithExistingKeyAndMissingInnerObject(reference: &quot;2&quot;)" computerName="RB-SB2" duration="00:00:00.0010000" startTime="2019-07-19T16:37:43.4258693+01:00" endTime="2019-07-19T16:37:43.4258697+01:00" testType="13cdc9d9-ddb5-4fa4-a97d-d965ccfc6d4b" outcome="Passed" testListId="8c84fa94-04c1-424b-9868-57a2d4851a1d" relativeResultsDirectory="e2b8328c-0bf0-42e8-a61c-1f8a794f4938" />
    <UnitTestResult executionId="860bab09-f349-40fd-8f59-f0ceed417bbd" testId="1c96618b-98f8-e50a-b9d3-e828966aec13" testName="Theatreers.Core.Tests.StorageProviderTest.UpdateAsyncFailsWithExistingKeyAndMissingDoctype(reference: &quot;2&quot;)" computerName="RB-SB2" duration="00:00:00.0440000" startTime="2019-07-19T16:38:32.2215347+01:00" endTime="2019-07-19T16:38:32.2215351+01:00" testType="13cdc9d9-ddb5-4fa4-a97d-d965ccfc6d4b" outcome="Passed" testListId="8c84fa94-04c1-424b-9868-57a2d4851a1d" relativeResultsDirectory="860bab09-f349-40fd-8f59-f0ceed417bbd" />
    <UnitTestResult executionId="f0ef85d2-3a11-4837-81aa-06936a2cfe70" testId="903e57bb-fa2d-33fb-9c5b-44f0784ddd62" testName="Theatreers.Core.Tests.StorageProviderTest.CanCreateAsyncWithValidData" computerName="RB-SB2" duration="00:00:00.0330000" startTime="2019-07-19T16:39:34.7042414+01:00" endTime="2019-07-19T16:39:34.7042417+01:00" testType="13cdc9d9-ddb5-4fa4-a97d-d965ccfc6d4b" outcome="Passed" testListId="8c84fa94-04c1-424b-9868-57a2d4851a1d" relativeResultsDirectory="f0ef85d2-3a11-4837-81aa-06936a2cfe70" />
    <UnitTestResult executionId="9ca871c5-09c0-4da6-8df0-33c1ff071b47" testId="d8644b62-a89d-6082-03a0-2acb4cbf742e" testName="Theatreers.Core.Tests.NonPartitionedStorageProviderTest.DeleteAsyncFailsWithInvalidData(reference: &quot;abc&quot;)" computerName="RB-SB2" duration="00:00:02.0030000" startTime="2019-07-19T16:37:35.3612140+01:00" endTime="2019-07-19T16:37:35.3612144+01:00" testType="13cdc9d9-ddb5-4fa4-a97d-d965ccfc6d4b" outcome="Passed" testListId="8c84fa94-04c1-424b-9868-57a2d4851a1d" relativeResultsDirectory="9ca871c5-09c0-4da6-8df0-33c1ff071b47" />
    <UnitTestResult executionId="d11a5774-2eca-42b8-a3cc-b29cbc7ba9de" testId="188438da-416a-2314-fb12-78b3cdd5c760" testName="Theatreers.Core.Tests.StorageProviderTest.UpsertAsyncFailsToUpdateObjectWithExistingKeyAndMissingInnerObject(reference: &quot;1&quot;)" computerName="RB-SB2" duration="00:00:00.0460000" startTime="2019-07-19T16:37:45.4864117+01:00" endTime="2019-07-19T16:37:45.4864119+01:00" testType="13cdc9d9-ddb5-4fa4-a97d-d965ccfc6d4b" outcome="Passed" testListId="8c84fa94-04c1-424b-9868-57a2d4851a1d" relativeResultsDirectory="d11a5774-2eca-42b8-a3cc-b29cbc7ba9de" />
    <UnitTestResult executionId="b81a9192-bdb7-4de6-b252-d27eb10ac2e5" testId="63eefda7-d727-f38f-a053-cb6dc80d6bb8" testName="Theatreers.Core.Tests.StorageProviderTest.UpsertAsyncFailsToUpdateObjectWithExistingKeyAndMissingInnerObject(reference: &quot;2&quot;)" computerName="RB-SB2" duration="00:00:00.0250000" startTime="2019-07-19T16:37:43.2036182+01:00" endTime="2019-07-19T16:37:43.2036185+01:00" testType="13cdc9d9-ddb5-4fa4-a97d-d965ccfc6d4b" outcome="Passed" testListId="8c84fa94-04c1-424b-9868-57a2d4851a1d" relativeResultsDirectory="b81a9192-bdb7-4de6-b252-d27eb10ac2e5" />
    <UnitTestResult executionId="f90ab9dd-a8e5-4a1e-abfe-bb1da6508d57" testId="7f415ca2-d35d-5f7a-ae79-f26e0141f0c5" testName="Theatreers.Core.Tests.StorageProviderTest.CannotCreateAsyncForValuesWithExistingKey" computerName="RB-SB2" duration="00:00:00.0150000" startTime="2019-07-19T16:38:23.2185871+01:00" endTime="2019-07-19T16:38:23.2185873+01:00" testType="13cdc9d9-ddb5-4fa4-a97d-d965ccfc6d4b" outcome="Passed" testListId="8c84fa94-04c1-424b-9868-57a2d4851a1d" relativeResultsDirectory="f90ab9dd-a8e5-4a1e-abfe-bb1da6508d57" />
    <UnitTestResult executionId="02abb7b5-894b-47d7-bee5-3ee2f78bffdf" testId="1995d2ab-2e95-2dc4-2a38-27b92b44740c" testName="Theatreers.Core.Tests.StorageProviderTest.UpdateAsyncFailsWithExistingKeyAndMissingInnerObject(reference: &quot;1&quot;)" computerName="RB-SB2" duration="00:00:00.0800000" startTime="2019-07-19T16:39:18.3044595+01:00" endTime="2019-07-19T16:39:18.3044598+01:00" testType="13cdc9d9-ddb5-4fa4-a97d-d965ccfc6d4b" outcome="Passed" testListId="8c84fa94-04c1-424b-9868-57a2d4851a1d" relativeResultsDirectory="02abb7b5-894b-47d7-bee5-3ee2f78bffdf" />
    <UnitTestResult executionId="df0ed94e-f17b-49c3-9580-edd5b19bb2f9" testId="a722a9e7-76a2-4f4a-96f9-ba13128497a0" testName="Theatreers.Core.Tests.StorageProviderTest.DeleteAsyncFailsWithInvalidData(reference: &quot;10&quot;)" computerName="RB-SB2" duration="00:00:02.0420000" startTime="2019-07-19T16:38:49.5288352+01:00" endTime="2019-07-19T16:38:49.5288354+01:00" testType="13cdc9d9-ddb5-4fa4-a97d-d965ccfc6d4b" outcome="Passed" testListId="8c84fa94-04c1-424b-9868-57a2d4851a1d" relativeResultsDirectory="df0ed94e-f17b-49c3-9580-edd5b19bb2f9" />
    <UnitTestResult executionId="dd66fb5d-4536-4bf8-8b38-47a465b54d6c" testId="0435f8fb-31b9-0888-1081-c4f4882a2d63" testName="Theatreers.Core.Tests.NonPartitionedStorageProviderTest.CannotCreateAsyncForValuesWithMissingInnerObject" computerName="RB-SB2" duration="00:00:00.0020000" startTime="2019-07-19T16:37:43.4504897+01:00" endTime="2019-07-19T16:37:43.4504900+01:00" testType="13cdc9d9-ddb5-4fa4-a97d-d965ccfc6d4b" outcome="Passed" testListId="8c84fa94-04c1-424b-9868-57a2d4851a1d" relativeResultsDirectory="dd66fb5d-4536-4bf8-8b38-47a465b54d6c" />
    <UnitTestResult executionId="d3993b60-d486-48b3-aef0-d33020128643" testId="5e2a2bce-1965-f302-7893-b553e2dfc283" testName="Theatreers.Core.Tests.NonPartitionedStorageProviderTest.UpdateAsyncFailsWithInvalidKey(reference: &quot;-123819&quot;)" computerName="RB-SB2" duration="00:00:00.0010000" startTime="2019-07-19T16:37:33.3716397+01:00" endTime="2019-07-19T16:37:33.3716398+01:00" testType="13cdc9d9-ddb5-4fa4-a97d-d965ccfc6d4b" outcome="Passed" testListId="8c84fa94-04c1-424b-9868-57a2d4851a1d" relativeResultsDirectory="d3993b60-d486-48b3-aef0-d33020128643" />
    <UnitTestResult executionId="b6965e1b-7984-45c2-94be-58a641bdc193" testId="3556d5b0-2396-e1a3-2085-1d87d12c0be9" testName="Theatreers.Core.Tests.StorageProviderTest.CannotCreateAsyncForValuesWithMissingId" computerName="RB-SB2" duration="00:00:00.0180000" startTime="2019-07-19T16:39:30.2265732+01:00" endTime="2019-07-19T16:39:30.2265738+01:00" testType="13cdc9d9-ddb5-4fa4-a97d-d965ccfc6d4b" outcome="Passed" testListId="8c84fa94-04c1-424b-9868-57a2d4851a1d" relativeResultsDirectory="b6965e1b-7984-45c2-94be-58a641bdc193" />
    <UnitTestResult executionId="ecf901be-c621-442f-b359-fd47c18ae7f9" testId="8da9f09c-527a-79aa-4514-7621af03f3ee" testName="Theatreers.Core.Tests.StorageProviderTest.UpsertAsyncCreatesNewObjectWithNewKeyAndValidData(reference: &quot;10&quot;)" computerName="RB-SB2" duration="00:00:00.0370000" startTime="2019-07-19T16:38:58.1948302+01:00" endTime="2019-07-19T16:38:58.1948305+01:00" testType="13cdc9d9-ddb5-4fa4-a97d-d965ccfc6d4b" outcome="Passed" testListId="8c84fa94-04c1-424b-9868-57a2d4851a1d" relativeResultsDirectory="ecf901be-c621-442f-b359-fd47c18ae7f9" />
    <UnitTestResult executionId="82b736b2-840e-443b-b21a-c0fb89f9ba8b" testId="920799c7-be2e-bdb5-a0a7-2588a1ffc83b" testName="Theatreers.Core.Tests.StorageProviderTest.UpsertAsyncCannotCreateNewObjectWithNewKeyAndMissingDoctype(reference: &quot;-123819&quot;)" computerName="RB-SB2" duration="00:00:00.0260000" startTime="2019-07-19T16:38:16.6991361+01:00" endTime="2019-07-19T16:38:16.6991366+01:00" testType="13cdc9d9-ddb5-4fa4-a97d-d965ccfc6d4b" outcome="Passed" testListId="8c84fa94-04c1-424b-9868-57a2d4851a1d" relativeResultsDirectory="82b736b2-840e-443b-b21a-c0fb89f9ba8b" />
    <UnitTestResult executionId="90eae732-a984-4e96-81fd-26e3d6a0661c" testId="21b31b76-4dbf-d259-fcab-b3d9d8dec65f" testName="Theatreers.Core.Tests.NonPartitionedStorageProviderTest.UpsertAsyncCannotCompleteWithMissingId" computerName="RB-SB2" duration="00:00:00.0040000" startTime="2019-07-19T16:37:43.4408020+01:00" endTime="2019-07-19T16:37:43.4408025+01:00" testType="13cdc9d9-ddb5-4fa4-a97d-d965ccfc6d4b" outcome="Passed" testListId="8c84fa94-04c1-424b-9868-57a2d4851a1d" relativeResultsDirectory="90eae732-a984-4e96-81fd-26e3d6a0661c" />
    <UnitTestResult executionId="582f4ae7-a3fe-425b-8af6-760808f9ec6b" testId="8600c4ee-b0a7-7a12-611b-5d3cb254c996" testName="Theatreers.Core.Tests.StorageProviderTest.DeleteAsyncFailsWithInvalidData(reference: &quot;abc&quot;)" computerName="RB-SB2" duration="00:00:02.0420000" startTime="2019-07-19T16:38:53.7466747+01:00" endTime="2019-07-19T16:38:53.7466750+01:00" testType="13cdc9d9-ddb5-4fa4-a97d-d965ccfc6d4b" outcome="Passed" testListId="8c84fa94-04c1-424b-9868-57a2d4851a1d" relativeResultsDirectory="582f4ae7-a3fe-425b-8af6-760808f9ec6b" />
    <UnitTestResult executionId="38056321-876b-4237-9f5d-6c89cc6b1c7e" testId="057d6149-27d0-cec1-2d25-36810d61e028" testName="Theatreers.Core.Tests.StorageProviderTest.UpsertAsyncFailsToUpdateObjectWithExistingKeyAndMissingPartition(reference: &quot;2&quot;)" computerName="RB-SB2" duration="00:00:00.0180000" startTime="2019-07-19T16:38:27.5611391+01:00" endTime="2019-07-19T16:38:27.5611393+01:00" testType="13cdc9d9-ddb5-4fa4-a97d-d965ccfc6d4b" outcome="Passed" testListId="8c84fa94-04c1-424b-9868-57a2d4851a1d" relativeResultsDirectory="38056321-876b-4237-9f5d-6c89cc6b1c7e" />
    <UnitTestResult executionId="f534e606-ecd3-49d9-ae40-589e6f65e9c9" testId="670ac234-f86b-8f62-4234-7bfcb9e02841" testName="Theatreers.Core.Tests.NonPartitionedStorageProviderTest.CanCreateAsyncWithValidData" computerName="RB-SB2" duration="00:00:00.0050000" startTime="2019-07-19T16:37:43.4484688+01:00" endTime="2019-07-19T16:37:43.4484691+01:00" testType="13cdc9d9-ddb5-4fa4-a97d-d965ccfc6d4b" outcome="Passed" testListId="8c84fa94-04c1-424b-9868-57a2d4851a1d" relativeResultsDirectory="f534e606-ecd3-49d9-ae40-589e6f65e9c9" />
    <UnitTestResult executionId="bfbc901c-3891-4ff6-8250-033e425fe7d0" testId="80950df7-b745-830d-4036-2176563b12dc" testName="Theatreers.Core.Tests.NonPartitionedStorageProviderTest.DeleteAsyncSucceedsWithValidData(reference: &quot;2&quot;)" computerName="RB-SB2" duration="00:00:02.0020000" startTime="2019-07-19T16:37:41.4078294+01:00" endTime="2019-07-19T16:37:41.4078300+01:00" testType="13cdc9d9-ddb5-4fa4-a97d-d965ccfc6d4b" outcome="Passed" testListId="8c84fa94-04c1-424b-9868-57a2d4851a1d" relativeResultsDirectory="bfbc901c-3891-4ff6-8250-033e425fe7d0" />
    <UnitTestResult executionId="7f7820cc-4be7-42c4-b821-1ade67afd1cb" testId="2f51ac62-1ed3-4108-71fb-7340ff499a4d" testName="Theatreers.Core.Tests.StorageProviderTest.CannotCreateAsyncForValuesWithMissingInnerObject" computerName="RB-SB2" duration="00:00:00.0200000" startTime="2019-07-19T16:38:21.0188669+01:00" endTime="2019-07-19T16:38:21.0188672+01:00" testType="13cdc9d9-ddb5-4fa4-a97d-d965ccfc6d4b" outcome="Passed" testListId="8c84fa94-04c1-424b-9868-57a2d4851a1d" relativeResultsDirectory="7f7820cc-4be7-42c4-b821-1ade67afd1cb" />
    <UnitTestResult executionId="d19e6a9a-7f56-408a-b561-63b4c8462ee0" testId="42c6d069-d682-8b1b-7ee4-f5470f84f000" testName="Theatreers.Core.Tests.NonPartitionedStorageProviderTest.UpdateAsyncFailsWithInvalidKey(reference: &quot;10&quot;)" computerName="RB-SB2" duration="00:00:00.1380000" startTime="2019-07-19T16:37:33.3590808+01:00" endTime="2019-07-19T16:37:33.3590815+01:00" testType="13cdc9d9-ddb5-4fa4-a97d-d965ccfc6d4b" outcome="Passed" testListId="8c84fa94-04c1-424b-9868-57a2d4851a1d" relativeResultsDirectory="d19e6a9a-7f56-408a-b561-63b4c8462ee0" />
    <UnitTestResult executionId="432d02dc-3e41-4270-85e1-03494c1c7cb5" testId="829bd41b-7521-0f0e-3e49-dcea0f48cd3c" testName="Theatreers.Core.Tests.NonPartitionedStorageProviderTest.CheckExistsAsyncReturnsFalseWithInvalidData(reference: &quot;10&quot;)" computerName="RB-SB2" duration="00:00:00.0010000" startTime="2019-07-19T16:37:43.4418769+01:00" endTime="2019-07-19T16:37:43.4418772+01:00" testType="13cdc9d9-ddb5-4fa4-a97d-d965ccfc6d4b" outcome="Passed" testListId="8c84fa94-04c1-424b-9868-57a2d4851a1d" relativeResultsDirectory="432d02dc-3e41-4270-85e1-03494c1c7cb5" />
    <UnitTestResult executionId="ebac9260-367b-49d1-9120-fac17b313d04" testId="db5d1dc0-e25b-0984-e335-c9744458dc83" testName="Theatreers.Core.Tests.NonPartitionedStorageProviderTest.UpsertAsyncCreatesNewObjectWithNewKeyAndValidData(reference: &quot;abc&quot;)" computerName="RB-SB2" duration="00:00:00.0040000" startTime="2019-07-19T16:37:39.3889743+01:00" endTime="2019-07-19T16:37:39.3889756+01:00" testType="13cdc9d9-ddb5-4fa4-a97d-d965ccfc6d4b" outcome="Passed" testListId="8c84fa94-04c1-424b-9868-57a2d4851a1d" relativeResultsDirectory="ebac9260-367b-49d1-9120-fac17b313d04" />
    <UnitTestResult executionId="18f97eff-f424-449c-9e5e-d9fdff8552cd" testId="851c4c68-5a74-e10f-3f62-76741ada2a65" testName="Theatreers.Core.Tests.StorageProviderTest.DeleteAsyncSucceedsWithValidData(reference: &quot;1&quot;)" computerName="RB-SB2" duration="00:00:02.0650000" startTime="2019-07-19T16:38:03.3780487+01:00" endTime="2019-07-19T16:38:03.3780490+01:00" testType="13cdc9d9-ddb5-4fa4-a97d-d965ccfc6d4b" outcome="Passed" testListId="8c84fa94-04c1-424b-9868-57a2d4851a1d" relativeResultsDirectory="18f97eff-f424-449c-9e5e-d9fdff8552cd" />
    <UnitTestResult executionId="ff6b28bf-d8db-4d62-bf2d-41a102bcae83" testId="58ca6ed1-5389-f3be-06de-0df61ed80cfc" testName="Theatreers.Core.Tests.StorageProviderTest.UpsertAsyncCannotCreateNewObjectWithNewKeyAndMissingPartition(reference: &quot;abc&quot;)" computerName="RB-SB2" duration="00:00:00.0200000" startTime="2019-07-19T16:37:38.7437458+01:00" endTime="2019-07-19T16:37:38.7437461+01:00" testType="13cdc9d9-ddb5-4fa4-a97d-d965ccfc6d4b" outcome="Passed" testListId="8c84fa94-04c1-424b-9868-57a2d4851a1d" relativeResultsDirectory="ff6b28bf-d8db-4d62-bf2d-41a102bcae83" />
    <UnitTestResult executionId="8e16f368-5f92-4685-9647-0a09d751f4fc" testId="519dbaaf-12c4-1064-8f5a-e05206bc12c3" testName="Theatreers.Core.Tests.NonPartitionedStorageProviderTest.CheckExistsAsyncReturnsTrueWithValidData(reference: &quot;2&quot;)" computerName="RB-SB2" duration="00:00:00.0010000" startTime="2019-07-19T16:37:43.4365081+01:00" endTime="2019-07-19T16:37:43.4365084+01:00" testType="13cdc9d9-ddb5-4fa4-a97d-d965ccfc6d4b" outcome="Passed" testListId="8c84fa94-04c1-424b-9868-57a2d4851a1d" relativeResultsDirectory="8e16f368-5f92-4685-9647-0a09d751f4fc" />
    <UnitTestResult executionId="64216f69-72c0-474c-a203-59a169ee0447" testId="849e76fe-09b6-b467-669c-c9a7dbde72c3" testName="Theatreers.Core.Tests.StorageProviderTest.CheckExistsAsyncReturnsTrueWithValidData(reference: &quot;1&quot;)" computerName="RB-SB2" duration="00:00:00.0680000" startTime="2019-07-19T16:37:47.7941802+01:00" endTime="2019-07-19T16:37:47.7941804+01:00" testType="13cdc9d9-ddb5-4fa4-a97d-d965ccfc6d4b" outcome="Passed" testListId="8c84fa94-04c1-424b-9868-57a2d4851a1d" relativeResultsDirectory="64216f69-72c0-474c-a203-59a169ee0447" />
    <UnitTestResult executionId="388a91ea-bd7f-4ed5-8a86-003cfecb1a2d" testId="c6038c60-e6f9-ee42-b325-185a223d7704" testName="Theatreers.Core.Tests.NonPartitionedStorageProviderTest.UpdateAsyncSucceedsWithValidKeyAndData(reference: &quot;2&quot;)" computerName="RB-SB2" duration="00:00:00.0060000" startTime="2019-07-19T16:37:43.4151108+01:00" endTime="2019-07-19T16:37:43.4151113+01:00" testType="13cdc9d9-ddb5-4fa4-a97d-d965ccfc6d4b" outcome="Passed" testListId="8c84fa94-04c1-424b-9868-57a2d4851a1d" relativeResultsDirectory="388a91ea-bd7f-4ed5-8a86-003cfecb1a2d" />
    <UnitTestResult executionId="b8fe468d-6c5c-4994-b110-154b27c75fde" testId="482b52c7-4d27-63cc-309f-69d47f3e486a" testName="Theatreers.Core.Tests.StorageProviderTest.DeleteAsyncFailsWithInvalidData(reference: &quot;-123819&quot;)" computerName="RB-SB2" duration="00:00:02.0490000" startTime="2019-07-19T16:38:45.2995805+01:00" endTime="2019-07-19T16:38:45.2995807+01:00" testType="13cdc9d9-ddb5-4fa4-a97d-d965ccfc6d4b" outcome="Passed" testListId="8c84fa94-04c1-424b-9868-57a2d4851a1d" relativeResultsDirectory="b8fe468d-6c5c-4994-b110-154b27c75fde" />
    <UnitTestResult executionId="8969099c-5810-4591-963b-288d6b6977aa" testId="1c7851ea-93a3-8a4b-2554-e25b34678e53" testName="Theatreers.Core.Tests.NonPartitionedStorageProviderTest.UpsertAsyncFailsToUpdateObjectWithExistingKeyAndMissingInnerObject(reference: &quot;2&quot;)" computerName="RB-SB2" duration="00:00:00.0010000" startTime="2019-07-19T16:37:43.4353066+01:00" endTime="2019-07-19T16:37:43.4353069+01:00" testType="13cdc9d9-ddb5-4fa4-a97d-d965ccfc6d4b" outcome="Passed" testListId="8c84fa94-04c1-424b-9868-57a2d4851a1d" relativeResultsDirectory="8969099c-5810-4591-963b-288d6b6977aa" />
    <UnitTestResult executionId="44135e10-9f82-437f-8348-95fc66e2bb42" testId="b995db4b-8ef6-2466-f9de-6d04cf535362" testName="Theatreers.Core.Tests.NonPartitionedStorageProviderTest.CreateAsyncWithNullObjectThrowsArgumentNullException" computerName="RB-SB2" duration="00:00:00.0010000" startTime="2019-07-19T16:37:43.4433224+01:00" endTime="2019-07-19T16:37:43.4433227+01:00" testType="13cdc9d9-ddb5-4fa4-a97d-d965ccfc6d4b" outcome="Passed" testListId="8c84fa94-04c1-424b-9868-57a2d4851a1d" relativeResultsDirectory="44135e10-9f82-437f-8348-95fc66e2bb42" />
    <UnitTestResult executionId="2bac404f-60d3-4b09-ac02-cc6ee886daaa" testId="7c8a8dcf-439c-4b8c-583a-1465f2ba4a9a" testName="Theatreers.Core.Tests.NonPartitionedStorageProviderTest.UpdateAsyncSucceedsWithValidKeyAndData(reference: &quot;1&quot;)" computerName="RB-SB2" duration="00:00:00.0030000" startTime="2019-07-19T16:37:43.4182050+01:00" endTime="2019-07-19T16:37:43.4182054+01:00" testType="13cdc9d9-ddb5-4fa4-a97d-d965ccfc6d4b" outcome="Passed" testListId="8c84fa94-04c1-424b-9868-57a2d4851a1d" relativeResultsDirectory="2bac404f-60d3-4b09-ac02-cc6ee886daaa" />
    <UnitTestResult executionId="9a93ba7e-891c-4ecf-98d9-80b2c36e6f9f" testId="819b6a46-35f8-b039-8739-8b137410319a" testName="Theatreers.Core.Tests.StorageProviderTest.UpsertAsyncCannotCreateNewObjectWithNewKeyAndMissingInnerObject(reference: &quot;10&quot;)" computerName="RB-SB2" duration="00:00:00.0230000" startTime="2019-07-19T16:39:15.7795156+01:00" endTime="2019-07-19T16:39:15.7795161+01:00" testType="13cdc9d9-ddb5-4fa4-a97d-d965ccfc6d4b" outcome="Passed" testListId="8c84fa94-04c1-424b-9868-57a2d4851a1d" relativeResultsDirectory="9a93ba7e-891c-4ecf-98d9-80b2c36e6f9f" />
    <UnitTestResult executionId="559fc4ff-d287-4b0a-a8ea-b2ad0a309e00" testId="38f4080c-f04c-6999-67df-5f286f3b4aba" testName="Theatreers.Core.Tests.NonPartitionedStorageProviderTest.CheckQueryReturnsAsIQueryable" computerName="RB-SB2" duration="00:00:00.0020000" startTime="2019-07-19T16:37:39.4053357+01:00" endTime="2019-07-19T16:37:39.4053359+01:00" testType="13cdc9d9-ddb5-4fa4-a97d-d965ccfc6d4b" outcome="Passed" testListId="8c84fa94-04c1-424b-9868-57a2d4851a1d" relativeResultsDirectory="559fc4ff-d287-4b0a-a8ea-b2ad0a309e00" />
    <UnitTestResult executionId="64fe52bc-e042-40fc-ad3f-3be5f23e6299" testId="7a586ec9-615c-2654-3f7e-97b1187e54c8" testName="Theatreers.Core.Tests.StorageProviderTest.UpsertAsyncCreatesNewObjectWithNewKeyAndValidData(reference: &quot;-123819&quot;)" computerName="RB-SB2" duration="00:00:00.0500000" startTime="2019-07-19T16:38:55.9834829+01:00" endTime="2019-07-19T16:38:55.9834832+01:00" testType="13cdc9d9-ddb5-4fa4-a97d-d965ccfc6d4b" outcome="Passed" testListId="8c84fa94-04c1-424b-9868-57a2d4851a1d" relativeResultsDirectory="64fe52bc-e042-40fc-ad3f-3be5f23e6299" />
    <UnitTestResult executionId="0fbbfed8-bf2c-4f89-a86a-0dd84f58cb79" testId="887da6bc-b1b2-22d3-e061-91afcc49a8b3" testName="Theatreers.Core.Tests.NonPartitionedStorageProviderTest.UpsertAsyncFailsToUpdateObjectWithExistingKeyAndMissingInnerObject(reference: &quot;1&quot;)" computerName="RB-SB2" duration="00:00:00.0040000" startTime="2019-07-19T16:37:43.4337632+01:00" endTime="2019-07-19T16:37:43.4337635+01:00" testType="13cdc9d9-ddb5-4fa4-a97d-d965ccfc6d4b" outcome="Passed" testListId="8c84fa94-04c1-424b-9868-57a2d4851a1d" relativeResultsDirectory="0fbbfed8-bf2c-4f89-a86a-0dd84f58cb79" />
    <UnitTestResult executionId="029a788d-9431-43e8-b20f-23c15ba070d3" testId="0c19b143-00f2-f012-f37f-cc6cf63af591" testName="Theatreers.Core.Tests.NonPartitionedStorageProviderTest.UpsertAsyncCreatesNewObjectWithNewKeyAndValidData(reference: &quot;10&quot;)" computerName="RB-SB2" duration="00:00:00.0170000" startTime="2019-07-19T16:37:39.3817985+01:00" endTime="2019-07-19T16:37:39.3817990+01:00" testType="13cdc9d9-ddb5-4fa4-a97d-d965ccfc6d4b" outcome="Passed" testListId="8c84fa94-04c1-424b-9868-57a2d4851a1d" relativeResultsDirectory="029a788d-9431-43e8-b20f-23c15ba070d3" />
    <UnitTestResult executionId="2416e187-3169-4ace-ae32-20b7e76b2fac" testId="4cd47397-e2bf-6355-5ab4-e3b2be393d10" testName="Theatreers.Core.Tests.StorageProviderTest.UpdateAsyncSucceedsWithValidKeyAndData(reference: &quot;1&quot;)" computerName="RB-SB2" duration="00:00:00.0550000" startTime="2019-07-19T16:38:10.0392931+01:00" endTime="2019-07-19T16:38:10.0392933+01:00" testType="13cdc9d9-ddb5-4fa4-a97d-d965ccfc6d4b" outcome="Passed" testListId="8c84fa94-04c1-424b-9868-57a2d4851a1d" relativeResultsDirectory="2416e187-3169-4ace-ae32-20b7e76b2fac" />
    <UnitTestResult executionId="e0303ff3-320a-4717-9e5c-101815d78794" testId="5ae8a440-93b9-268a-64fa-f12d30461f2b" testName="Theatreers.Core.Tests.NonPartitionedStorageProviderTest.UpsertAsyncCannotCreateNewObjectWithNewKeyAndMissingInnerObject(reference: &quot;-123819&quot;)" computerName="RB-SB2" duration="00:00:00.0020000" startTime="2019-07-19T16:37:39.3942672+01:00" endTime="2019-07-19T16:37:39.3942674+01:00" testType="13cdc9d9-ddb5-4fa4-a97d-d965ccfc6d4b" outcome="Passed" testListId="8c84fa94-04c1-424b-9868-57a2d4851a1d" relativeResultsDirectory="e0303ff3-320a-4717-9e5c-101815d78794" />
    <UnitTestResult executionId="af1ca85a-bf58-4760-9674-9386be0b4214" testId="a7b6e0c2-b300-d06f-7074-738de58d6d79" testName="Theatreers.Core.Tests.StorageProviderTest.UpsertAsyncCannotCreateNewObjectWithNewKeyAndMissingDoctype(reference: &quot;10&quot;)" computerName="RB-SB2" duration="00:00:00.0220000" startTime="2019-07-19T16:38:14.5013367+01:00" endTime="2019-07-19T16:38:14.5013369+01:00" testType="13cdc9d9-ddb5-4fa4-a97d-d965ccfc6d4b" outcome="Passed" testListId="8c84fa94-04c1-424b-9868-57a2d4851a1d" relativeResultsDirectory="af1ca85a-bf58-4760-9674-9386be0b4214" />
    <UnitTestResult executionId="337be951-96ed-472c-a4f3-ad9e9f437b8e" testId="5693165a-fc42-07c0-9b42-01f07387c84e" testName="Theatreers.Core.Tests.NonPartitionedStorageProviderTest.UpdateAsyncFailsWithExistingKeyAndMissingInnerObject(reference: &quot;1&quot;)" computerName="RB-SB2" duration="00:00:00.0040000" startTime="2019-07-19T16:37:43.4250879+01:00" endTime="2019-07-19T16:37:43.4250883+01:00" testType="13cdc9d9-ddb5-4fa4-a97d-d965ccfc6d4b" outcome="Passed" testListId="8c84fa94-04c1-424b-9868-57a2d4851a1d" relativeResultsDirectory="337be951-96ed-472c-a4f3-ad9e9f437b8e" />
    <UnitTestResult executionId="fe3ca484-73c1-4528-87ce-72beab254fb4" testId="0686eafa-02f2-809b-6ebb-a3c6ef441b3e" testName="Theatreers.Core.Tests.StorageProviderTest.UpsertAsyncCannotCreateNewObjectWithNewKeyAndMissingPartition(reference: &quot;10&quot;)" computerName="RB-SB2" duration="00:00:00.4950000" startTime="2019-07-19T16:37:36.5314839+01:00" endTime="2019-07-19T16:37:36.5314842+01:00" testType="13cdc9d9-ddb5-4fa4-a97d-d965ccfc6d4b" outcome="Passed" testListId="8c84fa94-04c1-424b-9868-57a2d4851a1d" relativeResultsDirectory="fe3ca484-73c1-4528-87ce-72beab254fb4" />
    <UnitTestResult executionId="dffbefa3-c14e-400f-bcee-99ad58f17b94" testId="0eeffdd8-63b7-0158-28cb-b2bc6e71b1e6" testName="Theatreers.Core.Tests.NonPartitionedStorageProviderTest.DeleteAsyncSucceedsWithValidData(reference: &quot;1&quot;)" computerName="RB-SB2" duration="00:00:02" startTime="2019-07-19T16:37:43.4084125+01:00" endTime="2019-07-19T16:37:43.4084132+01:00" testType="13cdc9d9-ddb5-4fa4-a97d-d965ccfc6d4b" outcome="Passed" testListId="8c84fa94-04c1-424b-9868-57a2d4851a1d" relativeResultsDirectory="dffbefa3-c14e-400f-bcee-99ad58f17b94" />
    <UnitTestResult executionId="4efbbe8b-171e-4cd8-a6d3-9dd03af5fe78" testId="bff1ee52-6f94-5b6e-b129-41371598b46f" testName="Theatreers.Core.Tests.StorageProviderTest.UpdateAsyncFailsWithInvalidKey(reference: &quot;10&quot;)" computerName="RB-SB2" duration="00:00:00.0350000" startTime="2019-07-19T16:38:38.8258882+01:00" endTime="2019-07-19T16:38:38.8258885+01:00" testType="13cdc9d9-ddb5-4fa4-a97d-d965ccfc6d4b" outcome="Passed" testListId="8c84fa94-04c1-424b-9868-57a2d4851a1d" relativeResultsDirectory="4efbbe8b-171e-4cd8-a6d3-9dd03af5fe78" />
    <UnitTestResult executionId="30433076-c1d0-4b31-a0a4-319687d6cacf" testId="fd979cab-8160-4f78-1acc-d99beaf87d07" testName="Theatreers.Core.Tests.StorageProviderTest.CheckQueryReturnsAsIQueryable" computerName="RB-SB2" duration="00:00:00.0010000" startTime="2019-07-19T16:39:32.4286775+01:00" endTime="2019-07-19T16:39:32.4286780+01:00" testType="13cdc9d9-ddb5-4fa4-a97d-d965ccfc6d4b" outcome="Passed" testListId="8c84fa94-04c1-424b-9868-57a2d4851a1d" relativeResultsDirectory="30433076-c1d0-4b31-a0a4-319687d6cacf" />
    <UnitTestResult executionId="2ae23827-336f-44fe-ad2d-30da2b224421" testId="5695c50e-9dc3-d90e-15ad-a9ba6fb29b8f" testName="Theatreers.Core.Tests.StorageProviderTest.UpsertAsyncCannotCreateNewObjectWithNewKeyAndMissingInnerObject(reference: &quot;abc&quot;)" computerName="RB-SB2" duration="00:00:00.0170000" startTime="2019-07-19T16:39:11.4322698+01:00" endTime="2019-07-19T16:39:11.4322701+01:00" testType="13cdc9d9-ddb5-4fa4-a97d-d965ccfc6d4b" outcome="Passed" testListId="8c84fa94-04c1-424b-9868-57a2d4851a1d" relativeResultsDirectory="2ae23827-336f-44fe-ad2d-30da2b224421" />
    <UnitTestResult executionId="265351b9-70ba-4a8e-b318-2f64f83419e1" testId="bf0bb38e-e856-59b2-85b4-2cc3639ec221" testName="Theatreers.Core.Tests.StorageProviderTest.UpdateAsyncFailsWithExistingKeyAndMissingPartition(reference: &quot;1&quot;)" computerName="RB-SB2" duration="00:00:00.0360000" startTime="2019-07-19T16:39:02.6182304+01:00" endTime="2019-07-19T16:39:02.6182306+01:00" testType="13cdc9d9-ddb5-4fa4-a97d-d965ccfc6d4b" outcome="Passed" testListId="8c84fa94-04c1-424b-9868-57a2d4851a1d" relativeResultsDirectory="265351b9-70ba-4a8e-b318-2f64f83419e1" />
    <UnitTestResult executionId="81d08645-01bb-4743-ab7f-5bf7292787c3" testId="d555eef4-50cc-cd4d-3dd6-5292ad5fa301" testName="Theatreers.Core.Tests.StorageProviderTest.UpdateAsyncSucceedsWithValidKeyAndData(reference: &quot;2&quot;)" computerName="RB-SB2" duration="00:00:00.0530000" startTime="2019-07-19T16:38:12.3059115+01:00" endTime="2019-07-19T16:38:12.3059118+01:00" testType="13cdc9d9-ddb5-4fa4-a97d-d965ccfc6d4b" outcome="Passed" testListId="8c84fa94-04c1-424b-9868-57a2d4851a1d" relativeResultsDirectory="81d08645-01bb-4743-ab7f-5bf7292787c3" />
    <UnitTestResult executionId="502ec125-f51f-4a3f-96c9-e1aad6a7dd18" testId="d6009068-10fc-bd8d-f431-80925d317269" testName="Theatreers.Core.Tests.NonPartitionedStorageProviderTest.UpsertAsyncCannotCreateNewObjectWithNewKeyAndMissingInnerObject(reference: &quot;abc&quot;)" computerName="RB-SB2" duration="00:00:00.0020000" startTime="2019-07-19T16:37:39.3959729+01:00" endTime="2019-07-19T16:37:39.3959731+01:00" testType="13cdc9d9-ddb5-4fa4-a97d-d965ccfc6d4b" outcome="Passed" testListId="8c84fa94-04c1-424b-9868-57a2d4851a1d" relativeResultsDirectory="502ec125-f51f-4a3f-96c9-e1aad6a7dd18" />
    <UnitTestResult executionId="70e8d353-c9ae-4299-a28f-1379f878748b" testId="8f645c8e-9d5f-6357-c57d-b32d3c04154b" testName="Theatreers.Core.Tests.StorageProviderTest.DeleteAsyncSucceedsWithValidData(reference: &quot;2&quot;)" computerName="RB-SB2" duration="00:00:02.1130000" startTime="2019-07-19T16:37:58.9999713+01:00" endTime="2019-07-19T16:37:58.9999717+01:00" testType="13cdc9d9-ddb5-4fa4-a97d-d965ccfc6d4b" outcome="Passed" testListId="8c84fa94-04c1-424b-9868-57a2d4851a1d" relativeResultsDirectory="70e8d353-c9ae-4299-a28f-1379f878748b" />
    <UnitTestResult executionId="94312262-6355-4f5e-a84a-05f478680701" testId="db032f2d-a2df-c77f-e973-d221adb101fe" testName="Theatreers.Core.Tests.NonPartitionedStorageProviderTest.UpsertAsyncUpdatesObjectWithExistingKey(reference: &quot;2&quot;)" computerName="RB-SB2" duration="00:00:00.0030000" startTime="2019-07-19T16:37:39.4033834+01:00" endTime="2019-07-19T16:37:39.4033837+01:00" testType="13cdc9d9-ddb5-4fa4-a97d-d965ccfc6d4b" outcome="Passed" testListId="8c84fa94-04c1-424b-9868-57a2d4851a1d" relativeResultsDirectory="94312262-6355-4f5e-a84a-05f478680701" />
    <UnitTestResult executionId="5f4d46cf-2ed4-46f1-b725-3baa3539aa77" testId="f86aec63-f62f-1e59-c43e-5ef8053faa03" testName="Theatreers.Core.Tests.StorageProviderTest.UpdateAsyncFailsWithExistingKeyAndMissingPartition(reference: &quot;2&quot;)" computerName="RB-SB2" duration="00:00:00.0390000" startTime="2019-07-19T16:39:04.8180454+01:00" endTime="2019-07-19T16:39:04.8180457+01:00" testType="13cdc9d9-ddb5-4fa4-a97d-d965ccfc6d4b" outcome="Passed" testListId="8c84fa94-04c1-424b-9868-57a2d4851a1d" relativeResultsDirectory="5f4d46cf-2ed4-46f1-b725-3baa3539aa77" />
    <UnitTestResult executionId="0331f6a4-70d9-4770-8eb7-63e18f8a0061" testId="c6c5d350-7518-d402-c608-1bb84f3946cb" testName="Theatreers.Core.Tests.StorageProviderTest.UpsertAsyncCannotCreateNewObjectWithNewKeyAndMissingDoctype(reference: &quot;abc&quot;)" computerName="RB-SB2" duration="00:00:00.0150000" startTime="2019-07-19T16:38:18.8474339+01:00" endTime="2019-07-19T16:38:18.8474343+01:00" testType="13cdc9d9-ddb5-4fa4-a97d-d965ccfc6d4b" outcome="Passed" testListId="8c84fa94-04c1-424b-9868-57a2d4851a1d" relativeResultsDirectory="0331f6a4-70d9-4770-8eb7-63e18f8a0061" />
    <UnitTestResult executionId="3fec088f-d253-496b-a42d-b9256013ec1b" testId="81455478-4fa3-2c44-f39d-b513b39be7fe" testName="Theatreers.Core.Tests.StorageProviderTest.CreateAsyncWithNullObjectThrowsArgumentNullException" computerName="RB-SB2" duration="00:00:00.0020000" startTime="2019-07-19T16:38:07.7841387+01:00" endTime="2019-07-19T16:38:07.7841390+01:00" testType="13cdc9d9-ddb5-4fa4-a97d-d965ccfc6d4b" outcome="Passed" testListId="8c84fa94-04c1-424b-9868-57a2d4851a1d" relativeResultsDirectory="3fec088f-d253-496b-a42d-b9256013ec1b" />
    <UnitTestResult executionId="1299109b-5b5e-4c80-98f4-19652528d34a" testId="f9d03af7-1c74-53de-f1aa-dbd57f585e31" testName="Theatreers.Core.Tests.NonPartitionedStorageProviderTest.UpsertAsyncUpdatesObjectWithExistingKey(reference: &quot;1&quot;)" computerName="RB-SB2" duration="00:00:00.0040000" startTime="2019-07-19T16:37:39.4005450+01:00" endTime="2019-07-19T16:37:39.4005453+01:00" testType="13cdc9d9-ddb5-4fa4-a97d-d965ccfc6d4b" outcome="Passed" testListId="8c84fa94-04c1-424b-9868-57a2d4851a1d" relativeResultsDirectory="1299109b-5b5e-4c80-98f4-19652528d34a" />
  </Results>
  <TestDefinitions>
    <UnitTest name="Theatreers.Core.Tests.NonPartitionedStorageProviderTest.UpdateAsyncFailsWithInvalidKey(reference: &quot;abc&quot;)" storage="c:\users\chredd\documents\theatreers\theatreers.core\theatreers.core\src\theatreers.core.tests\bin\debug\netcoreapp2.1\theatreers.core.tests.dll" id="720cad65-c8c0-7931-53ea-428874803a5c">
      <Execution id="a678fbaf-8369-4407-87eb-b67aa9efaa91" />
      <TestMethod codeBase="C:\Users\chredd\Documents\Theatreers\Theatreers.Core\Theatreers.Core\src\Theatreers.Core.Tests\bin\Debug\netcoreapp2.1\Theatreers.Core.Tests.dll" adapterTypeName="executor://xunit/VsTestRunner2/netcoreapp" className="Theatreers.Core.Tests.NonPartitionedStorageProviderTest" name="Theatreers.Core.Tests.NonPartitionedStorageProviderTest.UpdateAsyncFailsWithInvalidKey(reference: &quot;abc&quot;)" />
    </UnitTest>
    <UnitTest name="Theatreers.Core.Tests.StorageProviderTest.UpsertAsyncCreatesNewObjectWithNewKeyAndValidData(reference: &quot;-123819&quot;)" storage="c:\users\chredd\documents\theatreers\theatreers.core\theatreers.core\src\theatreers.core.tests\bin\debug\netcoreapp2.1\theatreers.core.tests.dll" id="7a586ec9-615c-2654-3f7e-97b1187e54c8">
      <Execution id="64fe52bc-e042-40fc-ad3f-3be5f23e6299" />
      <TestMethod codeBase="C:\Users\chredd\Documents\Theatreers\Theatreers.Core\Theatreers.Core\src\Theatreers.Core.Tests\bin\Debug\netcoreapp2.1\Theatreers.Core.Tests.dll" adapterTypeName="executor://xunit/VsTestRunner2/netcoreapp" className="Theatreers.Core.Tests.StorageProviderTest" name="Theatreers.Core.Tests.StorageProviderTest.UpsertAsyncCreatesNewObjectWithNewKeyAndValidData(reference: &quot;-123819&quot;)" />
    </UnitTest>
    <UnitTest name="Theatreers.Core.Tests.NonPartitionedStorageProviderTest.DeleteAsyncFailsWithInvalidData(reference: &quot;-123819&quot;)" storage="c:\users\chredd\documents\theatreers\theatreers.core\theatreers.core\src\theatreers.core.tests\bin\debug\netcoreapp2.1\theatreers.core.tests.dll" id="5ef52850-3221-6134-a9fd-d4035e896696">
      <Execution id="f3df2c9c-91a7-44fe-86c6-702a38c0f1c8" />
      <TestMethod codeBase="C:\Users\chredd\Documents\Theatreers\Theatreers.Core\Theatreers.Core\src\Theatreers.Core.Tests\bin\Debug\netcoreapp2.1\Theatreers.Core.Tests.dll" adapterTypeName="executor://xunit/VsTestRunner2/netcoreapp" className="Theatreers.Core.Tests.NonPartitionedStorageProviderTest" name="Theatreers.Core.Tests.NonPartitionedStorageProviderTest.DeleteAsyncFailsWithInvalidData(reference: &quot;-123819&quot;)" />
    </UnitTest>
    <UnitTest name="Theatreers.Core.Tests.NonPartitionedStorageProviderTest.UpdateAsyncFailsWithExistingKeyAndMissingInnerObject(reference: &quot;2&quot;)" storage="c:\users\chredd\documents\theatreers\theatreers.core\theatreers.core\src\theatreers.core.tests\bin\debug\netcoreapp2.1\theatreers.core.tests.dll" id="341c82fa-d8fe-3535-47f7-ed89429a046a">
      <Execution id="e2b8328c-0bf0-42e8-a61c-1f8a794f4938" />
      <TestMethod codeBase="C:\Users\chredd\Documents\Theatreers\Theatreers.Core\Theatreers.Core\src\Theatreers.Core.Tests\bin\Debug\netcoreapp2.1\Theatreers.Core.Tests.dll" adapterTypeName="executor://xunit/VsTestRunner2/netcoreapp" className="Theatreers.Core.Tests.NonPartitionedStorageProviderTest" name="Theatreers.Core.Tests.NonPartitionedStorageProviderTest.UpdateAsyncFailsWithExistingKeyAndMissingInnerObject(reference: &quot;2&quot;)" />
    </UnitTest>
    <UnitTest name="Theatreers.Core.Tests.StorageProviderTest.DeleteAsyncSucceedsWithValidData(reference: &quot;2&quot;)" storage="c:\users\chredd\documents\theatreers\theatreers.core\theatreers.core\src\theatreers.core.tests\bin\debug\netcoreapp2.1\theatreers.core.tests.dll" id="8f645c8e-9d5f-6357-c57d-b32d3c04154b">
      <Execution id="70e8d353-c9ae-4299-a28f-1379f878748b" />
      <TestMethod codeBase="C:\Users\chredd\Documents\Theatreers\Theatreers.Core\Theatreers.Core\src\Theatreers.Core.Tests\bin\Debug\netcoreapp2.1\Theatreers.Core.Tests.dll" adapterTypeName="executor://xunit/VsTestRunner2/netcoreapp" className="Theatreers.Core.Tests.StorageProviderTest" name="Theatreers.Core.Tests.StorageProviderTest.DeleteAsyncSucceedsWithValidData(reference: &quot;2&quot;)" />
    </UnitTest>
    <UnitTest name="Theatreers.Core.Tests.StorageProviderTest.UpsertAsyncCreatesNewObjectWithNewKeyAndValidData(reference: &quot;10&quot;)" storage="c:\users\chredd\documents\theatreers\theatreers.core\theatreers.core\src\theatreers.core.tests\bin\debug\netcoreapp2.1\theatreers.core.tests.dll" id="8da9f09c-527a-79aa-4514-7621af03f3ee">
      <Execution id="ecf901be-c621-442f-b359-fd47c18ae7f9" />
      <TestMethod codeBase="C:\Users\chredd\Documents\Theatreers\Theatreers.Core\Theatreers.Core\src\Theatreers.Core.Tests\bin\Debug\netcoreapp2.1\Theatreers.Core.Tests.dll" adapterTypeName="executor://xunit/VsTestRunner2/netcoreapp" className="Theatreers.Core.Tests.StorageProviderTest" name="Theatreers.Core.Tests.StorageProviderTest.UpsertAsyncCreatesNewObjectWithNewKeyAndValidData(reference: &quot;10&quot;)" />
    </UnitTest>
    <UnitTest name="Theatreers.Core.Tests.StorageProviderTest.DeleteAsyncSucceedsWithValidData(reference: &quot;1&quot;)" storage="c:\users\chredd\documents\theatreers\theatreers.core\theatreers.core\src\theatreers.core.tests\bin\debug\netcoreapp2.1\theatreers.core.tests.dll" id="851c4c68-5a74-e10f-3f62-76741ada2a65">
      <Execution id="18f97eff-f424-449c-9e5e-d9fdff8552cd" />
      <TestMethod codeBase="C:\Users\chredd\Documents\Theatreers\Theatreers.Core\Theatreers.Core\src\Theatreers.Core.Tests\bin\Debug\netcoreapp2.1\Theatreers.Core.Tests.dll" adapterTypeName="executor://xunit/VsTestRunner2/netcoreapp" className="Theatreers.Core.Tests.StorageProviderTest" name="Theatreers.Core.Tests.StorageProviderTest.DeleteAsyncSucceedsWithValidData(reference: &quot;1&quot;)" />
    </UnitTest>
    <UnitTest name="Theatreers.Core.Tests.NonPartitionedStorageProviderTest.UpsertAsyncCannotCreateNewObjectWithNewKeyAndMissingInnerObject(reference: &quot;-123819&quot;)" storage="c:\users\chredd\documents\theatreers\theatreers.core\theatreers.core\src\theatreers.core.tests\bin\debug\netcoreapp2.1\theatreers.core.tests.dll" id="5ae8a440-93b9-268a-64fa-f12d30461f2b">
      <Execution id="e0303ff3-320a-4717-9e5c-101815d78794" />
      <TestMethod codeBase="C:\Users\chredd\Documents\Theatreers\Theatreers.Core\Theatreers.Core\src\Theatreers.Core.Tests\bin\Debug\netcoreapp2.1\Theatreers.Core.Tests.dll" adapterTypeName="executor://xunit/VsTestRunner2/netcoreapp" className="Theatreers.Core.Tests.NonPartitionedStorageProviderTest" name="Theatreers.Core.Tests.NonPartitionedStorageProviderTest.UpsertAsyncCannotCreateNewObjectWithNewKeyAndMissingInnerObject(reference: &quot;-123819&quot;)" />
    </UnitTest>
    <UnitTest name="Theatreers.Core.Tests.StorageProviderTest.CheckExistsAsyncReturnsFalseWithInvalidData(reference: &quot;abc&quot;)" storage="c:\users\chredd\documents\theatreers\theatreers.core\theatreers.core\src\theatreers.core.tests\bin\debug\netcoreapp2.1\theatreers.core.tests.dll" id="7586bc23-0e6c-446f-cba6-7d3c41c0e97d">
      <Execution id="12c0eb45-da38-48b2-8c7d-a5371ca3e712" />
      <TestMethod codeBase="C:\Users\chredd\Documents\Theatreers\Theatreers.Core\Theatreers.Core\src\Theatreers.Core.Tests\bin\Debug\netcoreapp2.1\Theatreers.Core.Tests.dll" adapterTypeName="executor://xunit/VsTestRunner2/netcoreapp" className="Theatreers.Core.Tests.StorageProviderTest" name="Theatreers.Core.Tests.StorageProviderTest.CheckExistsAsyncReturnsFalseWithInvalidData(reference: &quot;abc&quot;)" />
    </UnitTest>
    <UnitTest name="Theatreers.Core.Tests.NonPartitionedStorageProviderTest.CheckExistsAsyncReturnsFalseWithInvalidData(reference: &quot;abc&quot;)" storage="c:\users\chredd\documents\theatreers\theatreers.core\theatreers.core\src\theatreers.core.tests\bin\debug\netcoreapp2.1\theatreers.core.tests.dll" id="f30784f0-c8ee-019f-81af-af03474dc9a4">
      <Execution id="e1e62d45-7448-4829-aac9-0e66ce6b74a4" />
      <TestMethod codeBase="C:\Users\chredd\Documents\Theatreers\Theatreers.Core\Theatreers.Core\src\Theatreers.Core.Tests\bin\Debug\netcoreapp2.1\Theatreers.Core.Tests.dll" adapterTypeName="executor://xunit/VsTestRunner2/netcoreapp" className="Theatreers.Core.Tests.NonPartitionedStorageProviderTest" name="Theatreers.Core.Tests.NonPartitionedStorageProviderTest.CheckExistsAsyncReturnsFalseWithInvalidData(reference: &quot;abc&quot;)" />
    </UnitTest>
    <UnitTest name="Theatreers.Core.Tests.NonPartitionedStorageProviderTest.CheckQueryReturnsAsIQueryable" storage="c:\users\chredd\documents\theatreers\theatreers.core\theatreers.core\src\theatreers.core.tests\bin\debug\netcoreapp2.1\theatreers.core.tests.dll" id="38f4080c-f04c-6999-67df-5f286f3b4aba">
      <Execution id="559fc4ff-d287-4b0a-a8ea-b2ad0a309e00" />
      <TestMethod codeBase="C:\Users\chredd\Documents\Theatreers\Theatreers.Core\Theatreers.Core\src\Theatreers.Core.Tests\bin\Debug\netcoreapp2.1\Theatreers.Core.Tests.dll" adapterTypeName="executor://xunit/VsTestRunner2/netcoreapp" className="Theatreers.Core.Tests.NonPartitionedStorageProviderTest" name="Theatreers.Core.Tests.NonPartitionedStorageProviderTest.CheckQueryReturnsAsIQueryable" />
    </UnitTest>
    <UnitTest name="Theatreers.Core.Tests.StorageProviderTest.DeleteAsyncFailsWithInvalidData(reference: &quot;abc&quot;)" storage="c:\users\chredd\documents\theatreers\theatreers.core\theatreers.core\src\theatreers.core.tests\bin\debug\netcoreapp2.1\theatreers.core.tests.dll" id="8600c4ee-b0a7-7a12-611b-5d3cb254c996">
      <Execution id="582f4ae7-a3fe-425b-8af6-760808f9ec6b" />
      <TestMethod codeBase="C:\Users\chredd\Documents\Theatreers\Theatreers.Core\Theatreers.Core\src\Theatreers.Core.Tests\bin\Debug\netcoreapp2.1\Theatreers.Core.Tests.dll" adapterTypeName="executor://xunit/VsTestRunner2/netcoreapp" className="Theatreers.Core.Tests.StorageProviderTest" name="Theatreers.Core.Tests.StorageProviderTest.DeleteAsyncFailsWithInvalidData(reference: &quot;abc&quot;)" />
    </UnitTest>
    <UnitTest name="Theatreers.Core.Tests.NonPartitionedStorageProviderTest.DeleteAsyncSucceedsWithValidData(reference: &quot;1&quot;)" storage="c:\users\chredd\documents\theatreers\theatreers.core\theatreers.core\src\theatreers.core.tests\bin\debug\netcoreapp2.1\theatreers.core.tests.dll" id="0eeffdd8-63b7-0158-28cb-b2bc6e71b1e6">
      <Execution id="dffbefa3-c14e-400f-bcee-99ad58f17b94" />
      <TestMethod codeBase="C:\Users\chredd\Documents\Theatreers\Theatreers.Core\Theatreers.Core\src\Theatreers.Core.Tests\bin\Debug\netcoreapp2.1\Theatreers.Core.Tests.dll" adapterTypeName="executor://xunit/VsTestRunner2/netcoreapp" className="Theatreers.Core.Tests.NonPartitionedStorageProviderTest" name="Theatreers.Core.Tests.NonPartitionedStorageProviderTest.DeleteAsyncSucceedsWithValidData(reference: &quot;1&quot;)" />
    </UnitTest>
    <UnitTest name="Theatreers.Core.Tests.NonPartitionedStorageProviderTest.CannotCreateAsyncForValuesWithMissingId" storage="c:\users\chredd\documents\theatreers\theatreers.core\theatreers.core\src\theatreers.core.tests\bin\debug\netcoreapp2.1\theatreers.core.tests.dll" id="5c356603-0c1c-b869-67a7-6bbeac68ace4">
      <Execution id="ead73dff-1f55-4b3b-bc00-6c2b9bc00edc" />
      <TestMethod codeBase="C:\Users\chredd\Documents\Theatreers\Theatreers.Core\Theatreers.Core\src\Theatreers.Core.Tests\bin\Debug\netcoreapp2.1\Theatreers.Core.Tests.dll" adapterTypeName="executor://xunit/VsTestRunner2/netcoreapp" className="Theatreers.Core.Tests.NonPartitionedStorageProviderTest" name="Theatreers.Core.Tests.NonPartitionedStorageProviderTest.CannotCreateAsyncForValuesWithMissingId" />
    </UnitTest>
    <UnitTest name="Theatreers.Core.Tests.NonPartitionedStorageProviderTest.DeleteAsyncFailsWithInvalidData(reference: &quot;abc&quot;)" storage="c:\users\chredd\documents\theatreers\theatreers.core\theatreers.core\src\theatreers.core.tests\bin\debug\netcoreapp2.1\theatreers.core.tests.dll" id="d8644b62-a89d-6082-03a0-2acb4cbf742e">
      <Execution id="9ca871c5-09c0-4da6-8df0-33c1ff071b47" />
      <TestMethod codeBase="C:\Users\chredd\Documents\Theatreers\Theatreers.Core\Theatreers.Core\src\Theatreers.Core.Tests\bin\Debug\netcoreapp2.1\Theatreers.Core.Tests.dll" adapterTypeName="executor://xunit/VsTestRunner2/netcoreapp" className="Theatreers.Core.Tests.NonPartitionedStorageProviderTest" name="Theatreers.Core.Tests.NonPartitionedStorageProviderTest.DeleteAsyncFailsWithInvalidData(reference: &quot;abc&quot;)" />
    </UnitTest>
    <UnitTest name="Theatreers.Core.Tests.StorageProviderTest.UpsertAsyncCannotCompleteWithMissingId" storage="c:\users\chredd\documents\theatreers\theatreers.core\theatreers.core\src\theatreers.core.tests\bin\debug\netcoreapp2.1\theatreers.core.tests.dll" id="83201cba-fe2c-1382-a17c-4c5536bbc1f2">
      <Execution id="a4e22230-a4f6-4246-95d4-318aa188c431" />
      <TestMethod codeBase="C:\Users\chredd\Documents\Theatreers\Theatreers.Core\Theatreers.Core\src\Theatreers.Core.Tests\bin\Debug\netcoreapp2.1\Theatreers.Core.Tests.dll" adapterTypeName="executor://xunit/VsTestRunner2/netcoreapp" className="Theatreers.Core.Tests.StorageProviderTest" name="Theatreers.Core.Tests.StorageProviderTest.UpsertAsyncCannotCompleteWithMissingId" />
    </UnitTest>
    <UnitTest name="Theatreers.Core.Tests.NonPartitionedStorageProviderTest.DeleteAsyncSucceedsWithValidData(reference: &quot;2&quot;)" storage="c:\users\chredd\documents\theatreers\theatreers.core\theatreers.core\src\theatreers.core.tests\bin\debug\netcoreapp2.1\theatreers.core.tests.dll" id="80950df7-b745-830d-4036-2176563b12dc">
      <Execution id="bfbc901c-3891-4ff6-8250-033e425fe7d0" />
      <TestMethod codeBase="C:\Users\chredd\Documents\Theatreers\Theatreers.Core\Theatreers.Core\src\Theatreers.Core.Tests\bin\Debug\netcoreapp2.1\Theatreers.Core.Tests.dll" adapterTypeName="executor://xunit/VsTestRunner2/netcoreapp" className="Theatreers.Core.Tests.NonPartitionedStorageProviderTest" name="Theatreers.Core.Tests.NonPartitionedStorageProviderTest.DeleteAsyncSucceedsWithValidData(reference: &quot;2&quot;)" />
    </UnitTest>
    <UnitTest name="Theatreers.Core.Tests.StorageProviderTest.UpsertAsyncCannotCreateNewObjectWithNewKeyAndMissingInnerObject(reference: &quot;abc&quot;)" storage="c:\users\chredd\documents\theatreers\theatreers.core\theatreers.core\src\theatreers.core.tests\bin\debug\netcoreapp2.1\theatreers.core.tests.dll" id="5695c50e-9dc3-d90e-15ad-a9ba6fb29b8f">
      <Execution id="2ae23827-336f-44fe-ad2d-30da2b224421" />
      <TestMethod codeBase="C:\Users\chredd\Documents\Theatreers\Theatreers.Core\Theatreers.Core\src\Theatreers.Core.Tests\bin\Debug\netcoreapp2.1\Theatreers.Core.Tests.dll" adapterTypeName="executor://xunit/VsTestRunner2/netcoreapp" className="Theatreers.Core.Tests.StorageProviderTest" name="Theatreers.Core.Tests.StorageProviderTest.UpsertAsyncCannotCreateNewObjectWithNewKeyAndMissingInnerObject(reference: &quot;abc&quot;)" />
    </UnitTest>
    <UnitTest name="Theatreers.Core.Tests.NonPartitionedStorageProviderTest.CreateAsyncWithNullObjectThrowsArgumentNullException" storage="c:\users\chredd\documents\theatreers\theatreers.core\theatreers.core\src\theatreers.core.tests\bin\debug\netcoreapp2.1\theatreers.core.tests.dll" id="b995db4b-8ef6-2466-f9de-6d04cf535362">
      <Execution id="44135e10-9f82-437f-8348-95fc66e2bb42" />
      <TestMethod codeBase="C:\Users\chredd\Documents\Theatreers\Theatreers.Core\Theatreers.Core\src\Theatreers.Core.Tests\bin\Debug\netcoreapp2.1\Theatreers.Core.Tests.dll" adapterTypeName="executor://xunit/VsTestRunner2/netcoreapp" className="Theatreers.Core.Tests.NonPartitionedStorageProviderTest" name="Theatreers.Core.Tests.NonPartitionedStorageProviderTest.CreateAsyncWithNullObjectThrowsArgumentNullException" />
    </UnitTest>
    <UnitTest name="Theatreers.Core.Tests.StorageProviderTest.UpsertAsyncFailsToUpdateObjectWithExistingKeyAndMissingDoctype(reference: &quot;2&quot;)" storage="c:\users\chredd\documents\theatreers\theatreers.core\theatreers.core\src\theatreers.core.tests\bin\debug\netcoreapp2.1\theatreers.core.tests.dll" id="bada597a-730a-8eff-e010-d935d2b9e157">
      <Execution id="d92d8e2f-d1f0-40a4-af2b-4eb65a916852" />
      <TestMethod codeBase="C:\Users\chredd\Documents\Theatreers\Theatreers.Core\Theatreers.Core\src\Theatreers.Core.Tests\bin\Debug\netcoreapp2.1\Theatreers.Core.Tests.dll" adapterTypeName="executor://xunit/VsTestRunner2/netcoreapp" className="Theatreers.Core.Tests.StorageProviderTest" name="Theatreers.Core.Tests.StorageProviderTest.UpsertAsyncFailsToUpdateObjectWithExistingKeyAndMissingDoctype(reference: &quot;2&quot;)" />
    </UnitTest>
    <UnitTest name="Theatreers.Core.Tests.StorageProviderTest.UpdateAsyncSucceedsWithValidKeyAndData(reference: &quot;1&quot;)" storage="c:\users\chredd\documents\theatreers\theatreers.core\theatreers.core\src\theatreers.core.tests\bin\debug\netcoreapp2.1\theatreers.core.tests.dll" id="4cd47397-e2bf-6355-5ab4-e3b2be393d10">
      <Execution id="2416e187-3169-4ace-ae32-20b7e76b2fac" />
      <TestMethod codeBase="C:\Users\chredd\Documents\Theatreers\Theatreers.Core\Theatreers.Core\src\Theatreers.Core.Tests\bin\Debug\netcoreapp2.1\Theatreers.Core.Tests.dll" adapterTypeName="executor://xunit/VsTestRunner2/netcoreapp" className="Theatreers.Core.Tests.StorageProviderTest" name="Theatreers.Core.Tests.StorageProviderTest.UpdateAsyncSucceedsWithValidKeyAndData(reference: &quot;1&quot;)" />
    </UnitTest>
    <UnitTest name="Theatreers.Core.Tests.StorageProviderTest.UpsertAsyncUpdatesObjectWithExistingKey(reference: &quot;1&quot;)" storage="c:\users\chredd\documents\theatreers\theatreers.core\theatreers.core\src\theatreers.core.tests\bin\debug\netcoreapp2.1\theatreers.core.tests.dll" id="0dc48565-222f-5613-9e6a-8a2ed2d67613">
      <Execution id="4f8e9f20-5e7a-426e-acfe-c1a54d4c09d6" />
      <TestMethod codeBase="C:\Users\chredd\Documents\Theatreers\Theatreers.Core\Theatreers.Core\src\Theatreers.Core.Tests\bin\Debug\netcoreapp2.1\Theatreers.Core.Tests.dll" adapterTypeName="executor://xunit/VsTestRunner2/netcoreapp" className="Theatreers.Core.Tests.StorageProviderTest" name="Theatreers.Core.Tests.StorageProviderTest.UpsertAsyncUpdatesObjectWithExistingKey(reference: &quot;1&quot;)" />
    </UnitTest>
    <UnitTest name="Theatreers.Core.Tests.NonPartitionedStorageProviderTest.UpsertAsyncUpdatesObjectWithExistingKey(reference: &quot;2&quot;)" storage="c:\users\chredd\documents\theatreers\theatreers.core\theatreers.core\src\theatreers.core.tests\bin\debug\netcoreapp2.1\theatreers.core.tests.dll" id="db032f2d-a2df-c77f-e973-d221adb101fe">
      <Execution id="94312262-6355-4f5e-a84a-05f478680701" />
      <TestMethod codeBase="C:\Users\chredd\Documents\Theatreers\Theatreers.Core\Theatreers.Core\src\Theatreers.Core.Tests\bin\Debug\netcoreapp2.1\Theatreers.Core.Tests.dll" adapterTypeName="executor://xunit/VsTestRunner2/netcoreapp" className="Theatreers.Core.Tests.NonPartitionedStorageProviderTest" name="Theatreers.Core.Tests.NonPartitionedStorageProviderTest.UpsertAsyncUpdatesObjectWithExistingKey(reference: &quot;2&quot;)" />
    </UnitTest>
    <UnitTest name="Theatreers.Core.Tests.StorageProviderTest.UpdateAsyncFailsWithExistingKeyAndMissingInnerObject(reference: &quot;1&quot;)" storage="c:\users\chredd\documents\theatreers\theatreers.core\theatreers.core\src\theatreers.core.tests\bin\debug\netcoreapp2.1\theatreers.core.tests.dll" id="1995d2ab-2e95-2dc4-2a38-27b92b44740c">
      <Execution id="02abb7b5-894b-47d7-bee5-3ee2f78bffdf" />
      <TestMethod codeBase="C:\Users\chredd\Documents\Theatreers\Theatreers.Core\Theatreers.Core\src\Theatreers.Core.Tests\bin\Debug\netcoreapp2.1\Theatreers.Core.Tests.dll" adapterTypeName="executor://xunit/VsTestRunner2/netcoreapp" className="Theatreers.Core.Tests.StorageProviderTest" name="Theatreers.Core.Tests.StorageProviderTest.UpdateAsyncFailsWithExistingKeyAndMissingInnerObject(reference: &quot;1&quot;)" />
    </UnitTest>
    <UnitTest name="Theatreers.Core.Tests.StorageProviderTest.UpsertAsyncCannotCreateNewObjectWithNewKeyAndMissingInnerObject(reference: &quot;10&quot;)" storage="c:\users\chredd\documents\theatreers\theatreers.core\theatreers.core\src\theatreers.core.tests\bin\debug\netcoreapp2.1\theatreers.core.tests.dll" id="819b6a46-35f8-b039-8739-8b137410319a">
      <Execution id="9a93ba7e-891c-4ecf-98d9-80b2c36e6f9f" />
      <TestMethod codeBase="C:\Users\chredd\Documents\Theatreers\Theatreers.Core\Theatreers.Core\src\Theatreers.Core.Tests\bin\Debug\netcoreapp2.1\Theatreers.Core.Tests.dll" adapterTypeName="executor://xunit/VsTestRunner2/netcoreapp" className="Theatreers.Core.Tests.StorageProviderTest" name="Theatreers.Core.Tests.StorageProviderTest.UpsertAsyncCannotCreateNewObjectWithNewKeyAndMissingInnerObject(reference: &quot;10&quot;)" />
    </UnitTest>
    <UnitTest name="Theatreers.Core.Tests.NonPartitionedStorageProviderTest.UpsertAsyncFailsToUpdateObjectWithExistingKeyAndMissingInnerObject(reference: &quot;2&quot;)" storage="c:\users\chredd\documents\theatreers\theatreers.core\theatreers.core\src\theatreers.core.tests\bin\debug\netcoreapp2.1\theatreers.core.tests.dll" id="1c7851ea-93a3-8a4b-2554-e25b34678e53">
      <Execution id="8969099c-5810-4591-963b-288d6b6977aa" />
      <TestMethod codeBase="C:\Users\chredd\Documents\Theatreers\Theatreers.Core\Theatreers.Core\src\Theatreers.Core.Tests\bin\Debug\netcoreapp2.1\Theatreers.Core.Tests.dll" adapterTypeName="executor://xunit/VsTestRunner2/netcoreapp" className="Theatreers.Core.Tests.NonPartitionedStorageProviderTest" name="Theatreers.Core.Tests.NonPartitionedStorageProviderTest.UpsertAsyncFailsToUpdateObjectWithExistingKeyAndMissingInnerObject(reference: &quot;2&quot;)" />
    </UnitTest>
    <UnitTest name="Theatreers.Core.Tests.StorageProviderTest.CheckExistsAsyncReturnsFalseWithInvalidData(reference: &quot;10&quot;)" storage="c:\users\chredd\documents\theatreers\theatreers.core\theatreers.core\src\theatreers.core.tests\bin\debug\netcoreapp2.1\theatreers.core.tests.dll" id="aec2df39-f2a8-4d17-e2de-6e2e63872506">
      <Execution id="7fb7597d-cdb8-46ce-ac47-09388f18c177" />
      <TestMethod codeBase="C:\Users\chredd\Documents\Theatreers\Theatreers.Core\Theatreers.Core\src\Theatreers.Core.Tests\bin\Debug\netcoreapp2.1\Theatreers.Core.Tests.dll" adapterTypeName="executor://xunit/VsTestRunner2/netcoreapp" className="Theatreers.Core.Tests.StorageProviderTest" name="Theatreers.Core.Tests.StorageProviderTest.CheckExistsAsyncReturnsFalseWithInvalidData(reference: &quot;10&quot;)" />
    </UnitTest>
    <UnitTest name="Theatreers.Core.Tests.NonPartitionedStorageProviderTest.UpsertAsyncCreatesNewObjectWithNewKeyAndValidData(reference: &quot;10&quot;)" storage="c:\users\chredd\documents\theatreers\theatreers.core\theatreers.core\src\theatreers.core.tests\bin\debug\netcoreapp2.1\theatreers.core.tests.dll" id="0c19b143-00f2-f012-f37f-cc6cf63af591">
      <Execution id="029a788d-9431-43e8-b20f-23c15ba070d3" />
      <TestMethod codeBase="C:\Users\chredd\Documents\Theatreers\Theatreers.Core\Theatreers.Core\src\Theatreers.Core.Tests\bin\Debug\netcoreapp2.1\Theatreers.Core.Tests.dll" adapterTypeName="executor://xunit/VsTestRunner2/netcoreapp" className="Theatreers.Core.Tests.NonPartitionedStorageProviderTest" name="Theatreers.Core.Tests.NonPartitionedStorageProviderTest.UpsertAsyncCreatesNewObjectWithNewKeyAndValidData(reference: &quot;10&quot;)" />
    </UnitTest>
    <UnitTest name="Theatreers.Core.Tests.StorageProviderTest.UpsertAsyncCannotCreateNewObjectWithNewKeyAndMissingDoctype(reference: &quot;-123819&quot;)" storage="c:\users\chredd\documents\theatreers\theatreers.core\theatreers.core\src\theatreers.core.tests\bin\debug\netcoreapp2.1\theatreers.core.tests.dll" id="920799c7-be2e-bdb5-a0a7-2588a1ffc83b">
      <Execution id="82b736b2-840e-443b-b21a-c0fb89f9ba8b" />
      <TestMethod codeBase="C:\Users\chredd\Documents\Theatreers\Theatreers.Core\Theatreers.Core\src\Theatreers.Core.Tests\bin\Debug\netcoreapp2.1\Theatreers.Core.Tests.dll" adapterTypeName="executor://xunit/VsTestRunner2/netcoreapp" className="Theatreers.Core.Tests.StorageProviderTest" name="Theatreers.Core.Tests.StorageProviderTest.UpsertAsyncCannotCreateNewObjectWithNewKeyAndMissingDoctype(reference: &quot;-123819&quot;)" />
    </UnitTest>
    <UnitTest name="Theatreers.Core.Tests.NonPartitionedStorageProviderTest.UpsertAsyncFailsToUpdateObjectWithExistingKeyAndMissingInnerObject(reference: &quot;1&quot;)" storage="c:\users\chredd\documents\theatreers\theatreers.core\theatreers.core\src\theatreers.core.tests\bin\debug\netcoreapp2.1\theatreers.core.tests.dll" id="887da6bc-b1b2-22d3-e061-91afcc49a8b3">
      <Execution id="0fbbfed8-bf2c-4f89-a86a-0dd84f58cb79" />
      <TestMethod codeBase="C:\Users\chredd\Documents\Theatreers\Theatreers.Core\Theatreers.Core\src\Theatreers.Core.Tests\bin\Debug\netcoreapp2.1\Theatreers.Core.Tests.dll" adapterTypeName="executor://xunit/VsTestRunner2/netcoreapp" className="Theatreers.Core.Tests.NonPartitionedStorageProviderTest" name="Theatreers.Core.Tests.NonPartitionedStorageProviderTest.UpsertAsyncFailsToUpdateObjectWithExistingKeyAndMissingInnerObject(reference: &quot;1&quot;)" />
    </UnitTest>
    <UnitTest name="Theatreers.Core.Tests.StorageProviderTest.DeleteAsyncFailsWithInvalidData(reference: &quot;-123819&quot;)" storage="c:\users\chredd\documents\theatreers\theatreers.core\theatreers.core\src\theatreers.core.tests\bin\debug\netcoreapp2.1\theatreers.core.tests.dll" id="482b52c7-4d27-63cc-309f-69d47f3e486a">
      <Execution id="b8fe468d-6c5c-4994-b110-154b27c75fde" />
      <TestMethod codeBase="C:\Users\chredd\Documents\Theatreers\Theatreers.Core\Theatreers.Core\src\Theatreers.Core.Tests\bin\Debug\netcoreapp2.1\Theatreers.Core.Tests.dll" adapterTypeName="executor://xunit/VsTestRunner2/netcoreapp" className="Theatreers.Core.Tests.StorageProviderTest" name="Theatreers.Core.Tests.StorageProviderTest.DeleteAsyncFailsWithInvalidData(reference: &quot;-123819&quot;)" />
    </UnitTest>
    <UnitTest name="Theatreers.Core.Tests.StorageProviderTest.UpsertAsyncFailsToUpdateObjectWithExistingKeyAndMissingPartition(reference: &quot;1&quot;)" storage="c:\users\chredd\documents\theatreers\theatreers.core\theatreers.core\src\theatreers.core.tests\bin\debug\netcoreapp2.1\theatreers.core.tests.dll" id="7f1ba4ca-4b37-0b42-8493-6d9ca5618974">
      <Execution id="97621abb-6193-494d-ac66-a2128672700d" />
      <TestMethod codeBase="C:\Users\chredd\Documents\Theatreers\Theatreers.Core\Theatreers.Core\src\Theatreers.Core.Tests\bin\Debug\netcoreapp2.1\Theatreers.Core.Tests.dll" adapterTypeName="executor://xunit/VsTestRunner2/netcoreapp" className="Theatreers.Core.Tests.StorageProviderTest" name="Theatreers.Core.Tests.StorageProviderTest.UpsertAsyncFailsToUpdateObjectWithExistingKeyAndMissingPartition(reference: &quot;1&quot;)" />
    </UnitTest>
    <UnitTest name="Theatreers.Core.Tests.NonPartitionedStorageProviderTest.UpsertAsyncCannotCreateNewObjectWithNewKeyAndMissingInnerObject(reference: &quot;10&quot;)" storage="c:\users\chredd\documents\theatreers\theatreers.core\theatreers.core\src\theatreers.core.tests\bin\debug\netcoreapp2.1\theatreers.core.tests.dll" id="6743ee20-1d4c-e465-fef7-6376ef0f4079">
      <Execution id="0aab6a61-a693-4f15-872d-411ac8b793d8" />
      <TestMethod codeBase="C:\Users\chredd\Documents\Theatreers\Theatreers.Core\Theatreers.Core\src\Theatreers.Core.Tests\bin\Debug\netcoreapp2.1\Theatreers.Core.Tests.dll" adapterTypeName="executor://xunit/VsTestRunner2/netcoreapp" className="Theatreers.Core.Tests.NonPartitionedStorageProviderTest" name="Theatreers.Core.Tests.NonPartitionedStorageProviderTest.UpsertAsyncCannotCreateNewObjectWithNewKeyAndMissingInnerObject(reference: &quot;10&quot;)" />
    </UnitTest>
    <UnitTest name="Theatreers.Core.Tests.StorageProviderTest.UpdateAsyncFailsWithInvalidKey(reference: &quot;-123819&quot;)" storage="c:\users\chredd\documents\theatreers\theatreers.core\theatreers.core\src\theatreers.core.tests\bin\debug\netcoreapp2.1\theatreers.core.tests.dll" id="ed541c19-1519-73c1-d407-09cfda55c20a">
      <Execution id="efde0674-3bc4-49fa-8233-ecee14eee955" />
      <TestMethod codeBase="C:\Users\chredd\Documents\Theatreers\Theatreers.Core\Theatreers.Core\src\Theatreers.Core.Tests\bin\Debug\netcoreapp2.1\Theatreers.Core.Tests.dll" adapterTypeName="executor://xunit/VsTestRunner2/netcoreapp" className="Theatreers.Core.Tests.StorageProviderTest" name="Theatreers.Core.Tests.StorageProviderTest.UpdateAsyncFailsWithInvalidKey(reference: &quot;-123819&quot;)" />
    </UnitTest>
    <UnitTest name="Theatreers.Core.Tests.NonPartitionedStorageProviderTest.UpdateAsyncFailsWithExistingKeyAndMissingInnerObject(reference: &quot;1&quot;)" storage="c:\users\chredd\documents\theatreers\theatreers.core\theatreers.core\src\theatreers.core.tests\bin\debug\netcoreapp2.1\theatreers.core.tests.dll" id="5693165a-fc42-07c0-9b42-01f07387c84e">
      <Execution id="337be951-96ed-472c-a4f3-ad9e9f437b8e" />
      <TestMethod codeBase="C:\Users\chredd\Documents\Theatreers\Theatreers.Core\Theatreers.Core\src\Theatreers.Core.Tests\bin\Debug\netcoreapp2.1\Theatreers.Core.Tests.dll" adapterTypeName="executor://xunit/VsTestRunner2/netcoreapp" className="Theatreers.Core.Tests.NonPartitionedStorageProviderTest" name="Theatreers.Core.Tests.NonPartitionedStorageProviderTest.UpdateAsyncFailsWithExistingKeyAndMissingInnerObject(reference: &quot;1&quot;)" />
    </UnitTest>
    <UnitTest name="Theatreers.Core.Tests.NonPartitionedStorageProviderTest.CannotCreateAsyncForValuesWithMissingInnerObject" storage="c:\users\chredd\documents\theatreers\theatreers.core\theatreers.core\src\theatreers.core.tests\bin\debug\netcoreapp2.1\theatreers.core.tests.dll" id="0435f8fb-31b9-0888-1081-c4f4882a2d63">
      <Execution id="dd66fb5d-4536-4bf8-8b38-47a465b54d6c" />
      <TestMethod codeBase="C:\Users\chredd\Documents\Theatreers\Theatreers.Core\Theatreers.Core\src\Theatreers.Core.Tests\bin\Debug\netcoreapp2.1\Theatreers.Core.Tests.dll" adapterTypeName="executor://xunit/VsTestRunner2/netcoreapp" className="Theatreers.Core.Tests.NonPartitionedStorageProviderTest" name="Theatreers.Core.Tests.NonPartitionedStorageProviderTest.CannotCreateAsyncForValuesWithMissingInnerObject" />
    </UnitTest>
    <UnitTest name="Theatreers.Core.Tests.StorageProviderTest.CannotCreateAsyncForValuesWithExistingKey" storage="c:\users\chredd\documents\theatreers\theatreers.core\theatreers.core\src\theatreers.core.tests\bin\debug\netcoreapp2.1\theatreers.core.tests.dll" id="7f415ca2-d35d-5f7a-ae79-f26e0141f0c5">
      <Execution id="f90ab9dd-a8e5-4a1e-abfe-bb1da6508d57" />
      <TestMethod codeBase="C:\Users\chredd\Documents\Theatreers\Theatreers.Core\Theatreers.Core\src\Theatreers.Core.Tests\bin\Debug\netcoreapp2.1\Theatreers.Core.Tests.dll" adapterTypeName="executor://xunit/VsTestRunner2/netcoreapp" className="Theatreers.Core.Tests.StorageProviderTest" name="Theatreers.Core.Tests.StorageProviderTest.CannotCreateAsyncForValuesWithExistingKey" />
    </UnitTest>
    <UnitTest name="Theatreers.Core.Tests.StorageProviderTest.UpsertAsyncCannotCreateNewObjectWithNewKeyAndMissingDoctype(reference: &quot;abc&quot;)" storage="c:\users\chredd\documents\theatreers\theatreers.core\theatreers.core\src\theatreers.core.tests\bin\debug\netcoreapp2.1\theatreers.core.tests.dll" id="c6c5d350-7518-d402-c608-1bb84f3946cb">
      <Execution id="0331f6a4-70d9-4770-8eb7-63e18f8a0061" />
      <TestMethod codeBase="C:\Users\chredd\Documents\Theatreers\Theatreers.Core\Theatreers.Core\src\Theatreers.Core.Tests\bin\Debug\netcoreapp2.1\Theatreers.Core.Tests.dll" adapterTypeName="executor://xunit/VsTestRunner2/netcoreapp" className="Theatreers.Core.Tests.StorageProviderTest" name="Theatreers.Core.Tests.StorageProviderTest.UpsertAsyncCannotCreateNewObjectWithNewKeyAndMissingDoctype(reference: &quot;abc&quot;)" />
    </UnitTest>
    <UnitTest name="Theatreers.Core.Tests.NonPartitionedStorageProviderTest.CannotCreateAsyncForValuesWithExistingKey" storage="c:\users\chredd\documents\theatreers\theatreers.core\theatreers.core\src\theatreers.core.tests\bin\debug\netcoreapp2.1\theatreers.core.tests.dll" id="0a76b63b-49e5-0992-dbf7-b82b72295490">
      <Execution id="59e34580-d3d5-420c-b71c-58fb3b032c96" />
      <TestMethod codeBase="C:\Users\chredd\Documents\Theatreers\Theatreers.Core\Theatreers.Core\src\Theatreers.Core.Tests\bin\Debug\netcoreapp2.1\Theatreers.Core.Tests.dll" adapterTypeName="executor://xunit/VsTestRunner2/netcoreapp" className="Theatreers.Core.Tests.NonPartitionedStorageProviderTest" name="Theatreers.Core.Tests.NonPartitionedStorageProviderTest.CannotCreateAsyncForValuesWithExistingKey" />
    </UnitTest>
[...]
    </UnitTest>
    <UnitTest name="Theatreers.Core.Tests.NonPartitionedStorageProviderTest.UpdateAsyncSucceedsWithValidKeyAndData(reference: &quot;1&quot;)" storage="c:\users\chredd\documents\theatreers\theatreers.core\theatreers.core\src\theatreers.core.tests\bin\debug\netcoreapp2.1\theatreers.core.tests.dll" id="7c8a8dcf-439c-4b8c-583a-1465f2ba4a9a">
      <Execution id="2bac404f-60d3-4b09-ac02-cc6ee886daaa" />
      <TestMethod codeBase="C:\Users\chredd\Documents\Theatreers\Theatreers.Core\Theatreers.Core\src\Theatreers.Core.Tests\bin\Debug\netcoreapp2.1\Theatreers.Core.Tests.dll" adapterTypeName="executor://xunit/VsTestRunner2/netcoreapp" className="Theatreers.Core.Tests.NonPartitionedStorageProviderTest" name="Theatreers.Core.Tests.NonPartitionedStorageProviderTest.UpdateAsyncSucceedsWithValidKeyAndData(reference: &quot;1&quot;)" />
    </UnitTest>
    <UnitTest name="Theatreers.Core.Tests.NonPartitionedStorageProviderTest.UpsertAsyncCreatesNewObjectWithNewKeyAndValidData(reference: &quot;abc&quot;)" storage="c:\users\chredd\documents\theatreers\theatreers.core\theatreers.core\src\theatreers.core.tests\bin\debug\netcoreapp2.1\theatreers.core.tests.dll" id="db5d1dc0-e25b-0984-e335-c9744458dc83">
      <Execution id="ebac9260-367b-49d1-9120-fac17b313d04" />
      <TestMethod codeBase="C:\Users\chredd\Documents\Theatreers\Theatreers.Core\Theatreers.Core\src\Theatreers.Core.Tests\bin\Debug\netcoreapp2.1\Theatreers.Core.Tests.dll" adapterTypeName="executor://xunit/VsTestRunner2/netcoreapp" className="Theatreers.Core.Tests.NonPartitionedStorageProviderTest" name="Theatreers.Core.Tests.NonPartitionedStorageProviderTest.UpsertAsyncCreatesNewObjectWithNewKeyAndValidData(reference: &quot;abc&quot;)" />
    </UnitTest>
    <UnitTest name="Theatreers.Core.Tests.StorageProviderTest.UpsertAsyncCannotCreateNewObjectWithNewKeyAndMissingDoctype(reference: &quot;10&quot;)" storage="c:\users\chredd\documents\theatreers\theatreers.core\theatreers.core\src\theatreers.core.tests\bin\debug\netcoreapp2.1\theatreers.core.tests.dll" id="a7b6e0c2-b300-d06f-7074-738de58d6d79">
      <Execution id="af1ca85a-bf58-4760-9674-9386be0b4214" />
      <TestMethod codeBase="C:\Users\chredd\Documents\Theatreers\Theatreers.Core\Theatreers.Core\src\Theatreers.Core.Tests\bin\Debug\netcoreapp2.1\Theatreers.Core.Tests.dll" adapterTypeName="executor://xunit/VsTestRunner2/netcoreapp" className="Theatreers.Core.Tests.StorageProviderTest" name="Theatreers.Core.Tests.StorageProviderTest.UpsertAsyncCannotCreateNewObjectWithNewKeyAndMissingDoctype(reference: &quot;10&quot;)" />
    </UnitTest>
    <UnitTest name="Theatreers.Core.Tests.StorageProviderTest.CheckExistsAsyncReturnsTrueWithValidData(reference: &quot;1&quot;)" storage="c:\users\chredd\documents\theatreers\theatreers.core\theatreers.core\src\theatreers.core.tests\bin\debug\netcoreapp2.1\theatreers.core.tests.dll" id="849e76fe-09b6-b467-669c-c9a7dbde72c3">
      <Execution id="64216f69-72c0-474c-a203-59a169ee0447" />
      <TestMethod codeBase="C:\Users\chredd\Documents\Theatreers\Theatreers.Core\Theatreers.Core\src\Theatreers.Core.Tests\bin\Debug\netcoreapp2.1\Theatreers.Core.Tests.dll" adapterTypeName="executor://xunit/VsTestRunner2/netcoreapp" className="Theatreers.Core.Tests.StorageProviderTest" name="Theatreers.Core.Tests.StorageProviderTest.CheckExistsAsyncReturnsTrueWithValidData(reference: &quot;1&quot;)" />
    </UnitTest>
    <UnitTest name="Theatreers.Core.Tests.StorageProviderTest.UpsertAsyncCannotCreateNewObjectWithNewKeyAndMissingInnerObject(reference: &quot;-123819&quot;)" storage="c:\users\chredd\documents\theatreers\theatreers.core\theatreers.core\src\theatreers.core.tests\bin\debug\netcoreapp2.1\theatreers.core.tests.dll" id="df74d85b-2415-423b-bb13-4a01602e0aac">
      <Execution id="43d5f575-b0b9-49d4-9592-4f1eef66b487" />
      <TestMethod codeBase="C:\Users\chredd\Documents\Theatreers\Theatreers.Core\Theatreers.Core\src\Theatreers.Core.Tests\bin\Debug\netcoreapp2.1\Theatreers.Core.Tests.dll" adapterTypeName="executor://xunit/VsTestRunner2/netcoreapp" className="Theatreers.Core.Tests.StorageProviderTest" name="Theatreers.Core.Tests.StorageProviderTest.UpsertAsyncCannotCreateNewObjectWithNewKeyAndMissingInnerObject(reference: &quot;-123819&quot;)" />
    </UnitTest>
    <UnitTest name="Theatreers.Core.Tests.StorageProviderTest.UpsertAsyncCreatesNewObjectWithNewKeyAndValidData(reference: &quot;abc&quot;)" storage="c:\users\chredd\documents\theatreers\theatreers.core\theatreers.core\src\theatreers.core.tests\bin\debug\netcoreapp2.1\theatreers.core.tests.dll" id="b8bdf765-4fe7-8dae-bdec-0eda692cf604">
      <Execution id="fe918472-6817-477e-9415-e1a1d077013b" />
      <TestMethod codeBase="C:\Users\chredd\Documents\Theatreers\Theatreers.Core\Theatreers.Core\src\Theatreers.Core.Tests\bin\Debug\netcoreapp2.1\Theatreers.Core.Tests.dll" adapterTypeName="executor://xunit/VsTestRunner2/netcoreapp" className="Theatreers.Core.Tests.StorageProviderTest" name="Theatreers.Core.Tests.StorageProviderTest.UpsertAsyncCreatesNewObjectWithNewKeyAndValidData(reference: &quot;abc&quot;)" />
    </UnitTest>
  </TestDefinitions>
  <TestEntries>
    <TestEntry testId="4b009bef-21f4-9343-594e-1edb24a600b7" executionId="c45c5971-5a7d-4cd9-86b4-1140e7e34489" testListId="8c84fa94-04c1-424b-9868-57a2d4851a1d" />
    <TestEntry testId="83201cba-fe2c-1382-a17c-4c5536bbc1f2" executionId="a4e22230-a4f6-4246-95d4-318aa188c431" testListId="8c84fa94-04c1-424b-9868-57a2d4851a1d" />
    <TestEntry testId="df74d85b-2415-423b-bb13-4a01602e0aac" executionId="43d5f575-b0b9-49d4-9592-4f1eef66b487" testListId="8c84fa94-04c1-424b-9868-57a2d4851a1d" />
    <TestEntry testId="0a76b63b-49e5-0992-dbf7-b82b72295490" executionId="59e34580-d3d5-420c-b71c-58fb3b032c96" testListId="8c84fa94-04c1-424b-9868-57a2d4851a1d" />
    <TestEntry testId="0dc48565-222f-5613-9e6a-8a2ed2d67613" executionId="4f8e9f20-5e7a-426e-acfe-c1a54d4c09d6" testListId="8c84fa94-04c1-424b-9868-57a2d4851a1d" />
    <TestEntry testId="b8bdf765-4fe7-8dae-bdec-0eda692cf604" executionId="fe918472-6817-477e-9415-e1a1d077013b" testListId="8c84fa94-04c1-424b-9868-57a2d4851a1d" />
    <TestEntry testId="6743ee20-1d4c-e465-fef7-6376ef0f4079" executionId="0aab6a61-a693-4f15-872d-411ac8b793d8" testListId="8c84fa94-04c1-424b-9868-57a2d4851a1d" />
    <TestEntry testId="a5572f55-c1bf-4cf1-6e26-069e0d553f0c" executionId="9d19211a-de0d-4870-9d9c-37381f181b7a" testListId="8c84fa94-04c1-424b-9868-57a2d4851a1d" />
    <TestEntry testId="aec2df39-f2a8-4d17-e2de-6e2e63872506" executionId="7fb7597d-cdb8-46ce-ac47-09388f18c177" testListId="8c84fa94-04c1-424b-9868-57a2d4851a1d" />
    <TestEntry testId="d7ca759f-42a1-74d2-55e1-330807d68c36" executionId="13089b41-66af-4ddb-a951-26cecbed1ef0" testListId="8c84fa94-04c1-424b-9868-57a2d4851a1d" />
    <TestEntry testId="5b7c5938-20f3-593f-d740-2da38ab2a034" executionId="ca7625ae-18c0-449b-879b-e5c1b4032bb6" testListId="8c84fa94-04c1-424b-9868-57a2d4851a1d" />
    <TestEntry testId="18ea8c7c-1103-0ef6-0be2-d6e542eb6f32" executionId="77dd4c6f-3fc6-4bdb-94cb-2bb6587b71e0" testListId="8c84fa94-04c1-424b-9868-57a2d4851a1d" />
    <TestEntry testId="ed541c19-1519-73c1-d407-09cfda55c20a" executionId="efde0674-3bc4-49fa-8233-ecee14eee955" testListId="8c84fa94-04c1-424b-9868-57a2d4851a1d" />
    <TestEntry testId="7586bc23-0e6c-446f-cba6-7d3c41c0e97d" executionId="12c0eb45-da38-48b2-8c7d-a5371ca3e712" testListId="8c84fa94-04c1-424b-9868-57a2d4851a1d" />
    <TestEntry testId="720cad65-c8c0-7931-53ea-428874803a5c" executionId="a678fbaf-8369-4407-87eb-b67aa9efaa91" testListId="8c84fa94-04c1-424b-9868-57a2d4851a1d" />
    <TestEntry testId="f30784f0-c8ee-019f-81af-af03474dc9a4" executionId="e1e62d45-7448-4829-aac9-0e66ce6b74a4" testListId="8c84fa94-04c1-424b-9868-57a2d4851a1d" />
    <TestEntry testId="317af7d4-a3e6-1a1a-c0cb-6ffa69e142f6" executionId="69d558a0-a5bb-46b2-a3a8-1264fbe852fc" testListId="8c84fa94-04c1-424b-9868-57a2d4851a1d" />
    <TestEntry testId="5c356603-0c1c-b869-67a7-6bbeac68ace4" executionId="ead73dff-1f55-4b3b-bc00-6c2b9bc00edc" testListId="8c84fa94-04c1-424b-9868-57a2d4851a1d" />
    <TestEntry testId="730e23ab-f3aa-faef-3854-84533e7d966b" executionId="c7cf459e-1f58-42e2-90dd-f7b6328df25c" testListId="8c84fa94-04c1-424b-9868-57a2d4851a1d" />
    <TestEntry testId="5ef52850-3221-6134-a9fd-d4035e896696" executionId="f3df2c9c-91a7-44fe-86c6-702a38c0f1c8" testListId="8c84fa94-04c1-424b-9868-57a2d4851a1d" />
    <TestEntry testId="7f1ba4ca-4b37-0b42-8493-6d9ca5618974" executionId="97621abb-6193-494d-ac66-a2128672700d" testListId="8c84fa94-04c1-424b-9868-57a2d4851a1d" />
    <TestEntry testId="4f177704-4071-08a8-3ca1-f6ebff26c5d0" executionId="3c77ff20-549f-4411-8c66-803676e44cb9" testListId="8c84fa94-04c1-424b-9868-57a2d4851a1d" />
    <TestEntry testId="bada597a-730a-8eff-e010-d935d2b9e157" executionId="d92d8e2f-d1f0-40a4-af2b-4eb65a916852" testListId="8c84fa94-04c1-424b-9868-57a2d4851a1d" />
    <TestEntry testId="e3d79add-6aba-b34f-eead-c0915599c0d4" executionId="41c004c6-9b95-413e-ab4a-efa4ad68f8b0" testListId="8c84fa94-04c1-424b-9868-57a2d4851a1d" />
    <TestEntry testId="bc8c7256-4d21-a0dc-648b-af99ebc04920" executionId="9d29fac8-7c61-48a6-8f9d-5b7a20c404f5" testListId="8c84fa94-04c1-424b-9868-57a2d4851a1d" />
    <TestEntry testId="dcb2288b-712f-ccc1-c8d0-f4d3ef2cc844" executionId="d23bd1e6-debc-41b6-8c90-23b3712c9bd6" testListId="8c84fa94-04c1-424b-9868-57a2d4851a1d" />
    <TestEntry testId="ece24d59-313b-8b0c-05aa-d616e3037612" executionId="32656b57-5ba5-4fc8-80fc-d69f0e0fdf44" testListId="8c84fa94-04c1-424b-9868-57a2d4851a1d" />
    <TestEntry testId="341c82fa-d8fe-3535-47f7-ed89429a046a" executionId="e2b8328c-0bf0-42e8-a61c-1f8a794f4938" testListId="8c84fa94-04c1-424b-9868-57a2d4851a1d" />
    <TestEntry testId="1c96618b-98f8-e50a-b9d3-e828966aec13" executionId="860bab09-f349-40fd-8f59-f0ceed417bbd" testListId="8c84fa94-04c1-424b-9868-57a2d4851a1d" />
    <TestEntry testId="903e57bb-fa2d-33fb-9c5b-44f0784ddd62" executionId="f0ef85d2-3a11-4837-81aa-06936a2cfe70" testListId="8c84fa94-04c1-424b-9868-57a2d4851a1d" />
    <TestEntry testId="d8644b62-a89d-6082-03a0-2acb4cbf742e" executionId="9ca871c5-09c0-4da6-8df0-33c1ff071b47" testListId="8c84fa94-04c1-424b-9868-57a2d4851a1d" />
    <TestEntry testId="188438da-416a-2314-fb12-78b3cdd5c760" executionId="d11a5774-2eca-42b8-a3cc-b29cbc7ba9de" testListId="8c84fa94-04c1-424b-9868-57a2d4851a1d" />
    <TestEntry testId="63eefda7-d727-f38f-a053-cb6dc80d6bb8" executionId="b81a9192-bdb7-4de6-b252-d27eb10ac2e5" testListId="8c84fa94-04c1-424b-9868-57a2d4851a1d" />
    <TestEntry testId="7f415ca2-d35d-5f7a-ae79-f26e0141f0c5" executionId="f90ab9dd-a8e5-4a1e-abfe-bb1da6508d57" testListId="8c84fa94-04c1-424b-9868-57a2d4851a1d" />
    <TestEntry testId="1995d2ab-2e95-2dc4-2a38-27b92b44740c" executionId="02abb7b5-894b-47d7-bee5-3ee2f78bffdf" testListId="8c84fa94-04c1-424b-9868-57a2d4851a1d" />
    <TestEntry testId="a722a9e7-76a2-4f4a-96f9-ba13128497a0" executionId="df0ed94e-f17b-49c3-9580-edd5b19bb2f9" testListId="8c84fa94-04c1-424b-9868-57a2d4851a1d" />
    <TestEntry testId="0435f8fb-31b9-0888-1081-c4f4882a2d63" executionId="dd66fb5d-4536-4bf8-8b38-47a465b54d6c" testListId="8c84fa94-04c1-424b-9868-57a2d4851a1d" />
    <TestEntry testId="5e2a2bce-1965-f302-7893-b553e2dfc283" executionId="d3993b60-d486-48b3-aef0-d33020128643" testListId="8c84fa94-04c1-424b-9868-57a2d4851a1d" />
    <TestEntry testId="3556d5b0-2396-e1a3-2085-1d87d12c0be9" executionId="b6965e1b-7984-45c2-94be-58a641bdc193" testListId="8c84fa94-04c1-424b-9868-57a2d4851a1d" />
    <TestEntry testId="8da9f09c-527a-79aa-4514-7621af03f3ee" executionId="ecf901be-c621-442f-b359-fd47c18ae7f9" testListId="8c84fa94-04c1-424b-9868-57a2d4851a1d" />
    <TestEntry testId="920799c7-be2e-bdb5-a0a7-2588a1ffc83b" executionId="82b736b2-840e-443b-b21a-c0fb89f9ba8b" testListId="8c84fa94-04c1-424b-9868-57a2d4851a1d" />
    <TestEntry testId="21b31b76-4dbf-d259-fcab-b3d9d8dec65f" executionId="90eae732-a984-4e96-81fd-26e3d6a0661c" testListId="8c84fa94-04c1-424b-9868-57a2d4851a1d" />
    <TestEntry testId="8600c4ee-b0a7-7a12-611b-5d3cb254c996" executionId="582f4ae7-a3fe-425b-8af6-760808f9ec6b" testListId="8c84fa94-04c1-424b-9868-57a2d4851a1d" />
    <TestEntry testId="057d6149-27d0-cec1-2d25-36810d61e028" executionId="38056321-876b-4237-9f5d-6c89cc6b1c7e" testListId="8c84fa94-04c1-424b-9868-57a2d4851a1d" />
    <TestEntry testId="670ac234-f86b-8f62-4234-7bfcb9e02841" executionId="f534e606-ecd3-49d9-ae40-589e6f65e9c9" testListId="8c84fa94-04c1-424b-9868-57a2d4851a1d" />
    <TestEntry testId="80950df7-b745-830d-4036-2176563b12dc" executionId="bfbc901c-3891-4ff6-8250-033e425fe7d0" testListId="8c84fa94-04c1-424b-9868-57a2d4851a1d" />
    <TestEntry testId="2f51ac62-1ed3-4108-71fb-7340ff499a4d" executionId="7f7820cc-4be7-42c4-b821-1ade67afd1cb" testListId="8c84fa94-04c1-424b-9868-57a2d4851a1d" />
    <TestEntry testId="42c6d069-d682-8b1b-7ee4-f5470f84f000" executionId="d19e6a9a-7f56-408a-b561-63b4c8462ee0" testListId="8c84fa94-04c1-424b-9868-57a2d4851a1d" />
    <TestEntry testId="829bd41b-7521-0f0e-3e49-dcea0f48cd3c" executionId="432d02dc-3e41-4270-85e1-03494c1c7cb5" testListId="8c84fa94-04c1-424b-9868-57a2d4851a1d" />
    <TestEntry testId="db5d1dc0-e25b-0984-e335-c9744458dc83" executionId="ebac9260-367b-49d1-9120-fac17b313d04" testListId="8c84fa94-04c1-424b-9868-57a2d4851a1d" />
    <TestEntry testId="851c4c68-5a74-e10f-3f62-76741ada2a65" executionId="18f97eff-f424-449c-9e5e-d9fdff8552cd" testListId="8c84fa94-04c1-424b-9868-57a2d4851a1d" />
    <TestEntry testId="58ca6ed1-5389-f3be-06de-0df61ed80cfc" executionId="ff6b28bf-d8db-4d62-bf2d-41a102bcae83" testListId="8c84fa94-04c1-424b-9868-57a2d4851a1d" />
    <TestEntry testId="519dbaaf-12c4-1064-8f5a-e05206bc12c3" executionId="8e16f368-5f92-4685-9647-0a09d751f4fc" testListId="8c84fa94-04c1-424b-9868-57a2d4851a1d" />
    <TestEntry testId="849e76fe-09b6-b467-669c-c9a7dbde72c3" executionId="64216f69-72c0-474c-a203-59a169ee0447" testListId="8c84fa94-04c1-424b-9868-57a2d4851a1d" />
    <TestEntry testId="c6038c60-e6f9-ee42-b325-185a223d7704" executionId="388a91ea-bd7f-4ed5-8a86-003cfecb1a2d" testListId="8c84fa94-04c1-424b-9868-57a2d4851a1d" />
    <TestEntry testId="482b52c7-4d27-63cc-309f-69d47f3e486a" executionId="b8fe468d-6c5c-4994-b110-154b27c75fde" testListId="8c84fa94-04c1-424b-9868-57a2d4851a1d" />
    <TestEntry testId="1c7851ea-93a3-8a4b-2554-e25b34678e53" executionId="8969099c-5810-4591-963b-288d6b6977aa" testListId="8c84fa94-04c1-424b-9868-57a2d4851a1d" />
    <TestEntry testId="b995db4b-8ef6-2466-f9de-6d04cf535362" executionId="44135e10-9f82-437f-8348-95fc66e2bb42" testListId="8c84fa94-04c1-424b-9868-57a2d4851a1d" />
    <TestEntry testId="7c8a8dcf-439c-4b8c-583a-1465f2ba4a9a" executionId="2bac404f-60d3-4b09-ac02-cc6ee886daaa" testListId="8c84fa94-04c1-424b-9868-57a2d4851a1d" />
    <TestEntry testId="819b6a46-35f8-b039-8739-8b137410319a" executionId="9a93ba7e-891c-4ecf-98d9-80b2c36e6f9f" testListId="8c84fa94-04c1-424b-9868-57a2d4851a1d" />
    <TestEntry testId="38f4080c-f04c-6999-67df-5f286f3b4aba" executionId="559fc4ff-d287-4b0a-a8ea-b2ad0a309e00" testListId="8c84fa94-04c1-424b-9868-57a2d4851a1d" />
    <TestEntry testId="7a586ec9-615c-2654-3f7e-97b1187e54c8" executionId="64fe52bc-e042-40fc-ad3f-3be5f23e6299" testListId="8c84fa94-04c1-424b-9868-57a2d4851a1d" />
    <TestEntry testId="887da6bc-b1b2-22d3-e061-91afcc49a8b3" executionId="0fbbfed8-bf2c-4f89-a86a-0dd84f58cb79" testListId="8c84fa94-04c1-424b-9868-57a2d4851a1d" />
    <TestEntry testId="0c19b143-00f2-f012-f37f-cc6cf63af591" executionId="029a788d-9431-43e8-b20f-23c15ba070d3" testListId="8c84fa94-04c1-424b-9868-57a2d4851a1d" />
    <TestEntry testId="4cd47397-e2bf-6355-5ab4-e3b2be393d10" executionId="2416e187-3169-4ace-ae32-20b7e76b2fac" testListId="8c84fa94-04c1-424b-9868-57a2d4851a1d" />
    <TestEntry testId="5ae8a440-93b9-268a-64fa-f12d30461f2b" executionId="e0303ff3-320a-4717-9e5c-101815d78794" testListId="8c84fa94-04c1-424b-9868-57a2d4851a1d" />
    <TestEntry testId="a7b6e0c2-b300-d06f-7074-738de58d6d79" executionId="af1ca85a-bf58-4760-9674-9386be0b4214" testListId="8c84fa94-04c1-424b-9868-57a2d4851a1d" />
    <TestEntry testId="5693165a-fc42-07c0-9b42-01f07387c84e" executionId="337be951-96ed-472c-a4f3-ad9e9f437b8e" testListId="8c84fa94-04c1-424b-9868-57a2d4851a1d" />
    <TestEntry testId="0686eafa-02f2-809b-6ebb-a3c6ef441b3e" executionId="fe3ca484-73c1-4528-87ce-72beab254fb4" testListId="8c84fa94-04c1-424b-9868-57a2d4851a1d" />
    <TestEntry testId="0eeffdd8-63b7-0158-28cb-b2bc6e71b1e6" executionId="dffbefa3-c14e-400f-bcee-99ad58f17b94" testListId="8c84fa94-04c1-424b-9868-57a2d4851a1d" />
    <TestEntry testId="bff1ee52-6f94-5b6e-b129-41371598b46f" executionId="4efbbe8b-171e-4cd8-a6d3-9dd03af5fe78" testListId="8c84fa94-04c1-424b-9868-57a2d4851a1d" />
    <TestEntry testId="fd979cab-8160-4f78-1acc-d99beaf87d07" executionId="30433076-c1d0-4b31-a0a4-319687d6cacf" testListId="8c84fa94-04c1-424b-9868-57a2d4851a1d" />
    <TestEntry testId="5695c50e-9dc3-d90e-15ad-a9ba6fb29b8f" executionId="2ae23827-336f-44fe-ad2d-30da2b224421" testListId="8c84fa94-04c1-424b-9868-57a2d4851a1d" />
    <TestEntry testId="bf0bb38e-e856-59b2-85b4-2cc3639ec221" executionId="265351b9-70ba-4a8e-b318-2f64f83419e1" testListId="8c84fa94-04c1-424b-9868-57a2d4851a1d" />
    <TestEntry testId="d555eef4-50cc-cd4d-3dd6-5292ad5fa301" executionId="81d08645-01bb-4743-ab7f-5bf7292787c3" testListId="8c84fa94-04c1-424b-9868-57a2d4851a1d" />
    <TestEntry testId="d6009068-10fc-bd8d-f431-80925d317269" executionId="502ec125-f51f-4a3f-96c9-e1aad6a7dd18" testListId="8c84fa94-04c1-424b-9868-57a2d4851a1d" />
    <TestEntry testId="8f645c8e-9d5f-6357-c57d-b32d3c04154b" executionId="70e8d353-c9ae-4299-a28f-1379f878748b" testListId="8c84fa94-04c1-424b-9868-57a2d4851a1d" />
    <TestEntry testId="db032f2d-a2df-c77f-e973-d221adb101fe" executionId="94312262-6355-4f5e-a84a-05f478680701" testListId="8c84fa94-04c1-424b-9868-57a2d4851a1d" />
    <TestEntry testId="f86aec63-f62f-1e59-c43e-5ef8053faa03" executionId="5f4d46cf-2ed4-46f1-b725-3baa3539aa77" testListId="8c84fa94-04c1-424b-9868-57a2d4851a1d" />
    <TestEntry testId="c6c5d350-7518-d402-c608-1bb84f3946cb" executionId="0331f6a4-70d9-4770-8eb7-63e18f8a0061" testListId="8c84fa94-04c1-424b-9868-57a2d4851a1d" />
    <TestEntry testId="81455478-4fa3-2c44-f39d-b513b39be7fe" executionId="3fec088f-d253-496b-a42d-b9256013ec1b" testListId="8c84fa94-04c1-424b-9868-57a2d4851a1d" />
    <TestEntry testId="f9d03af7-1c74-53de-f1aa-dbd57f585e31" executionId="1299109b-5b5e-4c80-98f4-19652528d34a" testListId="8c84fa94-04c1-424b-9868-57a2d4851a1d" />
  </TestEntries>
  <TestLists>
    <TestList name="Results Not in a List" id="8c84fa94-04c1-424b-9868-57a2d4851a1d" />
    <TestList name="All Loaded Results" id="19431567-8539-422a-85d7-44ee4e166bda" />
  </TestLists>
  <ResultSummary outcome="Completed">
    <Counters total="82" executed="82" passed="82" failed="0" error="0" timeout="0" aborted="0" inconclusive="0" passedButRunAborted="0" notRunnable="0" notExecuted="0" disconnected="0" warning="0" completed="0" inProgress="0" pending="0" />
    <Output>
      <StdOut>[xUnit.net 00:00:00.00] xUnit.net VSTest Adapter v2.4.0 (64-bit .NET Core 4.6.27817.01)&#xD;
[xUnit.net 00:00:01.70]   Discovering: Theatreers.Core.Tests&#xD;
[xUnit.net 00:00:01.80]   Discovered:  Theatreers.Core.Tests&#xD;
[xUnit.net 00:00:01.80]   Starting:    Theatreers.Core.Tests&#xD;
[xUnit.net 00:02:03.44]   Finished:    Theatreers.Core.Tests&#xD;
</StdOut>
    </Output>
  </ResultSummary>
</TestRun>